2019-08-20 00:44:51 INFO  ClassDAL:65 - start test class DAl 
2019-08-20 00:44:51 DEBUG logging:192 - Logging Provider: org.jboss.logging.Log4jLoggerProvider
2019-08-20 00:44:51 DEBUG BasicTypeRegistry:146 - Adding type registration boolean -> org.hibernate.type.BooleanType@1c655221
2019-08-20 00:44:51 DEBUG BasicTypeRegistry:146 - Adding type registration boolean -> org.hibernate.type.BooleanType@1c655221
2019-08-20 00:44:51 DEBUG BasicTypeRegistry:146 - Adding type registration java.lang.Boolean -> org.hibernate.type.BooleanType@1c655221
2019-08-20 00:44:51 DEBUG BasicTypeRegistry:146 - Adding type registration numeric_boolean -> org.hibernate.type.NumericBooleanType@1edf1c96
2019-08-20 00:44:51 DEBUG BasicTypeRegistry:146 - Adding type registration true_false -> org.hibernate.type.TrueFalseType@dcf3e99
2019-08-20 00:44:51 DEBUG BasicTypeRegistry:146 - Adding type registration yes_no -> org.hibernate.type.YesNoType@1ee0005
2019-08-20 00:44:51 DEBUG BasicTypeRegistry:146 - Adding type registration byte -> org.hibernate.type.ByteType@5e91993f
2019-08-20 00:44:51 DEBUG BasicTypeRegistry:146 - Adding type registration byte -> org.hibernate.type.ByteType@5e91993f
2019-08-20 00:44:51 DEBUG BasicTypeRegistry:146 - Adding type registration java.lang.Byte -> org.hibernate.type.ByteType@5e91993f
2019-08-20 00:44:51 DEBUG BasicTypeRegistry:146 - Adding type registration character -> org.hibernate.type.CharacterType@123a439b
2019-08-20 00:44:51 DEBUG BasicTypeRegistry:146 - Adding type registration char -> org.hibernate.type.CharacterType@123a439b
2019-08-20 00:44:51 DEBUG BasicTypeRegistry:146 - Adding type registration java.lang.Character -> org.hibernate.type.CharacterType@123a439b
2019-08-20 00:44:51 DEBUG BasicTypeRegistry:146 - Adding type registration short -> org.hibernate.type.ShortType@53bd815b
2019-08-20 00:44:51 DEBUG BasicTypeRegistry:146 - Adding type registration short -> org.hibernate.type.ShortType@53bd815b
2019-08-20 00:44:51 DEBUG BasicTypeRegistry:146 - Adding type registration java.lang.Short -> org.hibernate.type.ShortType@53bd815b
2019-08-20 00:44:51 DEBUG BasicTypeRegistry:146 - Adding type registration integer -> org.hibernate.type.IntegerType@123772c4
2019-08-20 00:44:51 DEBUG BasicTypeRegistry:146 - Adding type registration int -> org.hibernate.type.IntegerType@123772c4
2019-08-20 00:44:51 DEBUG BasicTypeRegistry:146 - Adding type registration java.lang.Integer -> org.hibernate.type.IntegerType@123772c4
2019-08-20 00:44:51 DEBUG BasicTypeRegistry:146 - Adding type registration long -> org.hibernate.type.LongType@782830e
2019-08-20 00:44:51 DEBUG BasicTypeRegistry:146 - Adding type registration long -> org.hibernate.type.LongType@782830e
2019-08-20 00:44:51 DEBUG BasicTypeRegistry:146 - Adding type registration java.lang.Long -> org.hibernate.type.LongType@782830e
2019-08-20 00:44:51 DEBUG BasicTypeRegistry:146 - Adding type registration float -> org.hibernate.type.FloatType@3b22cdd0
2019-08-20 00:44:51 DEBUG BasicTypeRegistry:146 - Adding type registration float -> org.hibernate.type.FloatType@3b22cdd0
2019-08-20 00:44:51 DEBUG BasicTypeRegistry:146 - Adding type registration java.lang.Float -> org.hibernate.type.FloatType@3b22cdd0
2019-08-20 00:44:51 DEBUG BasicTypeRegistry:146 - Adding type registration double -> org.hibernate.type.DoubleType@7960847b
2019-08-20 00:44:51 DEBUG BasicTypeRegistry:146 - Adding type registration double -> org.hibernate.type.DoubleType@7960847b
2019-08-20 00:44:51 DEBUG BasicTypeRegistry:146 - Adding type registration java.lang.Double -> org.hibernate.type.DoubleType@7960847b
2019-08-20 00:44:51 DEBUG BasicTypeRegistry:146 - Adding type registration big_decimal -> org.hibernate.type.BigDecimalType@311d617d
2019-08-20 00:44:51 DEBUG BasicTypeRegistry:146 - Adding type registration java.math.BigDecimal -> org.hibernate.type.BigDecimalType@311d617d
2019-08-20 00:44:51 DEBUG BasicTypeRegistry:146 - Adding type registration big_integer -> org.hibernate.type.BigIntegerType@14899482
2019-08-20 00:44:51 DEBUG BasicTypeRegistry:146 - Adding type registration java.math.BigInteger -> org.hibernate.type.BigIntegerType@14899482
2019-08-20 00:44:51 DEBUG BasicTypeRegistry:146 - Adding type registration string -> org.hibernate.type.StringType@4cc77c2e
2019-08-20 00:44:51 DEBUG BasicTypeRegistry:146 - Adding type registration java.lang.String -> org.hibernate.type.StringType@4cc77c2e
2019-08-20 00:44:51 DEBUG BasicTypeRegistry:146 - Adding type registration nstring -> org.hibernate.type.StringNVarcharType@2437c6dc
2019-08-20 00:44:51 DEBUG BasicTypeRegistry:146 - Adding type registration ncharacter -> org.hibernate.type.CharacterNCharType@299a06ac
2019-08-20 00:44:51 DEBUG BasicTypeRegistry:146 - Adding type registration url -> org.hibernate.type.UrlType@7382f612
2019-08-20 00:44:51 DEBUG BasicTypeRegistry:146 - Adding type registration java.net.URL -> org.hibernate.type.UrlType@7382f612
2019-08-20 00:44:51 DEBUG BasicTypeRegistry:146 - Adding type registration date -> org.hibernate.type.DateType@6073f712
2019-08-20 00:44:51 DEBUG BasicTypeRegistry:146 - Adding type registration java.sql.Date -> org.hibernate.type.DateType@6073f712
2019-08-20 00:44:51 DEBUG BasicTypeRegistry:146 - Adding type registration time -> org.hibernate.type.TimeType@3abfe836
2019-08-20 00:44:51 DEBUG BasicTypeRegistry:146 - Adding type registration java.sql.Time -> org.hibernate.type.TimeType@3abfe836
2019-08-20 00:44:51 DEBUG BasicTypeRegistry:146 - Adding type registration timestamp -> org.hibernate.type.TimestampType@2f410acf
2019-08-20 00:44:51 DEBUG BasicTypeRegistry:146 - Adding type registration java.sql.Timestamp -> org.hibernate.type.TimestampType@2f410acf
2019-08-20 00:44:51 DEBUG BasicTypeRegistry:146 - Adding type registration java.util.Date -> org.hibernate.type.TimestampType@2f410acf
2019-08-20 00:44:51 DEBUG BasicTypeRegistry:146 - Adding type registration dbtimestamp -> org.hibernate.type.DbTimestampType@68f7aae2
2019-08-20 00:44:51 DEBUG BasicTypeRegistry:146 - Adding type registration calendar -> org.hibernate.type.CalendarType@19e1023e
2019-08-20 00:44:51 DEBUG BasicTypeRegistry:146 - Adding type registration java.util.Calendar -> org.hibernate.type.CalendarType@19e1023e
2019-08-20 00:44:51 DEBUG BasicTypeRegistry:146 - Adding type registration java.util.GregorianCalendar -> org.hibernate.type.CalendarType@19e1023e
2019-08-20 00:44:51 DEBUG BasicTypeRegistry:146 - Adding type registration calendar_date -> org.hibernate.type.CalendarDateType@2db0f6b2
2019-08-20 00:44:51 DEBUG BasicTypeRegistry:146 - Adding type registration locale -> org.hibernate.type.LocaleType@6d1e7682
2019-08-20 00:44:51 DEBUG BasicTypeRegistry:146 - Adding type registration java.util.Locale -> org.hibernate.type.LocaleType@6d1e7682
2019-08-20 00:44:51 DEBUG BasicTypeRegistry:146 - Adding type registration currency -> org.hibernate.type.CurrencyType@2a098129
2019-08-20 00:44:51 DEBUG BasicTypeRegistry:146 - Adding type registration java.util.Currency -> org.hibernate.type.CurrencyType@2a098129
2019-08-20 00:44:51 DEBUG BasicTypeRegistry:146 - Adding type registration timezone -> org.hibernate.type.TimeZoneType@63e31ee
2019-08-20 00:44:51 DEBUG BasicTypeRegistry:146 - Adding type registration java.util.TimeZone -> org.hibernate.type.TimeZoneType@63e31ee
2019-08-20 00:44:51 DEBUG BasicTypeRegistry:146 - Adding type registration class -> org.hibernate.type.ClassType@6842775d
2019-08-20 00:44:51 DEBUG BasicTypeRegistry:146 - Adding type registration java.lang.Class -> org.hibernate.type.ClassType@6842775d
2019-08-20 00:44:51 DEBUG BasicTypeRegistry:146 - Adding type registration uuid-binary -> org.hibernate.type.UUIDBinaryType@51016012
2019-08-20 00:44:51 DEBUG BasicTypeRegistry:146 - Adding type registration java.util.UUID -> org.hibernate.type.UUIDBinaryType@51016012
2019-08-20 00:44:51 DEBUG BasicTypeRegistry:146 - Adding type registration uuid-char -> org.hibernate.type.UUIDCharType@1517365b
2019-08-20 00:44:51 DEBUG BasicTypeRegistry:146 - Adding type registration pg-uuid -> org.hibernate.type.PostgresUUIDType@65e579dc
2019-08-20 00:44:51 DEBUG BasicTypeRegistry:146 - Adding type registration binary -> org.hibernate.type.BinaryType@449b2d27
2019-08-20 00:44:51 DEBUG BasicTypeRegistry:146 - Adding type registration byte[] -> org.hibernate.type.BinaryType@449b2d27
2019-08-20 00:44:51 DEBUG BasicTypeRegistry:146 - Adding type registration [B -> org.hibernate.type.BinaryType@449b2d27
2019-08-20 00:44:51 DEBUG BasicTypeRegistry:146 - Adding type registration wrapper-binary -> org.hibernate.type.WrapperBinaryType@24273305
2019-08-20 00:44:51 DEBUG BasicTypeRegistry:146 - Adding type registration Byte[] -> org.hibernate.type.WrapperBinaryType@24273305
2019-08-20 00:44:51 DEBUG BasicTypeRegistry:146 - Adding type registration [Ljava.lang.Byte; -> org.hibernate.type.WrapperBinaryType@24273305
2019-08-20 00:44:51 DEBUG BasicTypeRegistry:146 - Adding type registration image -> org.hibernate.type.ImageType@33e5ccce
2019-08-20 00:44:51 DEBUG BasicTypeRegistry:146 - Adding type registration characters -> org.hibernate.type.CharArrayType@6956de9
2019-08-20 00:44:51 DEBUG BasicTypeRegistry:146 - Adding type registration char[] -> org.hibernate.type.CharArrayType@6956de9
2019-08-20 00:44:51 DEBUG BasicTypeRegistry:146 - Adding type registration [C -> org.hibernate.type.CharArrayType@6956de9
2019-08-20 00:44:51 DEBUG BasicTypeRegistry:146 - Adding type registration wrapper-characters -> org.hibernate.type.CharacterArrayType@de0a01f
2019-08-20 00:44:51 DEBUG BasicTypeRegistry:146 - Adding type registration [Ljava.lang.Character; -> org.hibernate.type.CharacterArrayType@de0a01f
2019-08-20 00:44:51 DEBUG BasicTypeRegistry:146 - Adding type registration Character[] -> org.hibernate.type.CharacterArrayType@de0a01f
2019-08-20 00:44:51 DEBUG BasicTypeRegistry:146 - Adding type registration text -> org.hibernate.type.TextType@5d3411d
2019-08-20 00:44:51 DEBUG BasicTypeRegistry:146 - Adding type registration ntext -> org.hibernate.type.NTextType@5c0369c4
2019-08-20 00:44:51 DEBUG BasicTypeRegistry:146 - Adding type registration blob -> org.hibernate.type.BlobType@3ecf72fd
2019-08-20 00:44:51 DEBUG BasicTypeRegistry:146 - Adding type registration java.sql.Blob -> org.hibernate.type.BlobType@3ecf72fd
2019-08-20 00:44:51 DEBUG BasicTypeRegistry:146 - Adding type registration materialized_blob -> org.hibernate.type.MaterializedBlobType@77f03bb1
2019-08-20 00:44:51 DEBUG BasicTypeRegistry:146 - Adding type registration clob -> org.hibernate.type.ClobType@6fffcba5
2019-08-20 00:44:51 DEBUG BasicTypeRegistry:146 - Adding type registration java.sql.Clob -> org.hibernate.type.ClobType@6fffcba5
2019-08-20 00:44:51 DEBUG BasicTypeRegistry:146 - Adding type registration nclob -> org.hibernate.type.NClobType@256216b3
2019-08-20 00:44:51 DEBUG BasicTypeRegistry:146 - Adding type registration java.sql.NClob -> org.hibernate.type.NClobType@256216b3
2019-08-20 00:44:51 DEBUG BasicTypeRegistry:146 - Adding type registration materialized_clob -> org.hibernate.type.MaterializedClobType@16c0663d
2019-08-20 00:44:51 DEBUG BasicTypeRegistry:146 - Adding type registration materialized_nclob -> org.hibernate.type.MaterializedNClobType@1b40d5f0
2019-08-20 00:44:51 DEBUG BasicTypeRegistry:146 - Adding type registration serializable -> org.hibernate.type.SerializableType@19bb089b
2019-08-20 00:44:51 DEBUG BasicTypeRegistry:146 - Adding type registration object -> org.hibernate.type.ObjectType@c818063
2019-08-20 00:44:51 DEBUG BasicTypeRegistry:146 - Adding type registration java.lang.Object -> org.hibernate.type.ObjectType@c818063
2019-08-20 00:44:51 DEBUG BasicTypeRegistry:146 - Adding type registration imm_date -> org.hibernate.type.AdaptedImmutableType@7d417077
2019-08-20 00:44:51 DEBUG BasicTypeRegistry:146 - Adding type registration imm_time -> org.hibernate.type.AdaptedImmutableType@7dc36524
2019-08-20 00:44:51 DEBUG BasicTypeRegistry:146 - Adding type registration imm_timestamp -> org.hibernate.type.AdaptedImmutableType@35bbe5e8
2019-08-20 00:44:51 DEBUG BasicTypeRegistry:146 - Adding type registration imm_dbtimestamp -> org.hibernate.type.AdaptedImmutableType@2c8d66b2
2019-08-20 00:44:51 DEBUG BasicTypeRegistry:146 - Adding type registration imm_calendar -> org.hibernate.type.AdaptedImmutableType@5a39699c
2019-08-20 00:44:51 DEBUG BasicTypeRegistry:146 - Adding type registration imm_calendar_date -> org.hibernate.type.AdaptedImmutableType@3cb5cdba
2019-08-20 00:44:51 DEBUG BasicTypeRegistry:146 - Adding type registration imm_binary -> org.hibernate.type.AdaptedImmutableType@56cbfb61
2019-08-20 00:44:51 DEBUG BasicTypeRegistry:146 - Adding type registration imm_serializable -> org.hibernate.type.AdaptedImmutableType@1134affc
2019-08-20 00:44:51 INFO  Version:66 - HCANN000001: Hibernate Commons Annotations {4.0.4.Final}
2019-08-20 00:44:51 INFO  Version:54 - HHH000412: Hibernate Core {4.3.1.Final}
2019-08-20 00:44:51 INFO  Environment:239 - HHH000206: hibernate.properties not found
2019-08-20 00:44:51 INFO  Environment:346 - HHH000021: Bytecode provider name : javassist
2019-08-20 00:44:51 DEBUG DefaultIdentifierGeneratorFactory:93 - Registering IdentifierGenerator strategy [uuid2] -> [org.hibernate.id.UUIDGenerator]
2019-08-20 00:44:51 DEBUG DefaultIdentifierGeneratorFactory:93 - Registering IdentifierGenerator strategy [guid] -> [org.hibernate.id.GUIDGenerator]
2019-08-20 00:44:51 DEBUG DefaultIdentifierGeneratorFactory:93 - Registering IdentifierGenerator strategy [uuid] -> [org.hibernate.id.UUIDHexGenerator]
2019-08-20 00:44:51 DEBUG DefaultIdentifierGeneratorFactory:93 - Registering IdentifierGenerator strategy [uuid.hex] -> [org.hibernate.id.UUIDHexGenerator]
2019-08-20 00:44:51 DEBUG DefaultIdentifierGeneratorFactory:93 - Registering IdentifierGenerator strategy [hilo] -> [org.hibernate.id.TableHiLoGenerator]
2019-08-20 00:44:51 DEBUG DefaultIdentifierGeneratorFactory:93 - Registering IdentifierGenerator strategy [assigned] -> [org.hibernate.id.Assigned]
2019-08-20 00:44:51 DEBUG DefaultIdentifierGeneratorFactory:93 - Registering IdentifierGenerator strategy [identity] -> [org.hibernate.id.IdentityGenerator]
2019-08-20 00:44:51 DEBUG DefaultIdentifierGeneratorFactory:93 - Registering IdentifierGenerator strategy [select] -> [org.hibernate.id.SelectGenerator]
2019-08-20 00:44:51 DEBUG DefaultIdentifierGeneratorFactory:93 - Registering IdentifierGenerator strategy [sequence] -> [org.hibernate.id.SequenceGenerator]
2019-08-20 00:44:51 DEBUG DefaultIdentifierGeneratorFactory:93 - Registering IdentifierGenerator strategy [seqhilo] -> [org.hibernate.id.SequenceHiLoGenerator]
2019-08-20 00:44:51 DEBUG DefaultIdentifierGeneratorFactory:93 - Registering IdentifierGenerator strategy [increment] -> [org.hibernate.id.IncrementGenerator]
2019-08-20 00:44:51 DEBUG DefaultIdentifierGeneratorFactory:93 - Registering IdentifierGenerator strategy [foreign] -> [org.hibernate.id.ForeignGenerator]
2019-08-20 00:44:51 DEBUG DefaultIdentifierGeneratorFactory:93 - Registering IdentifierGenerator strategy [sequence-identity] -> [org.hibernate.id.SequenceIdentityGenerator]
2019-08-20 00:44:51 DEBUG DefaultIdentifierGeneratorFactory:93 - Registering IdentifierGenerator strategy [enhanced-sequence] -> [org.hibernate.id.enhanced.SequenceStyleGenerator]
2019-08-20 00:44:51 DEBUG DefaultIdentifierGeneratorFactory:93 - Registering IdentifierGenerator strategy [enhanced-table] -> [org.hibernate.id.enhanced.TableGenerator]
2019-08-20 00:44:51 INFO  Configuration:2073 - HHH000043: Configuring from resource: /hibernate.cfg.xml
2019-08-20 00:44:51 INFO  Configuration:2092 - HHH000040: Configuration resource: /hibernate.cfg.xml
2019-08-20 00:44:51 DEBUG DTDEntityResolver:69 - Trying to resolve system-id [http://hibernate.sourceforge.net/hibernate-configuration-3.0.dtd]
2019-08-20 00:44:51 WARN  DTDEntityResolver:75 - HHH000223: Recognized obsolete hibernate namespace http://hibernate.sourceforge.net/. Use namespace http://www.hibernate.org/dtd/ instead. Refer to Hibernate 3.6 Migration Guide!
2019-08-20 00:44:51 DEBUG DTDEntityResolver:76 - Attempting to resolve on classpath under org/hibernate/
2019-08-20 00:44:51 DEBUG DTDEntityResolver:108 - Located [http://hibernate.sourceforge.net/hibernate-configuration-3.0.dtd] in classpath
2019-08-20 00:44:51 DEBUG Configuration:2035 - hibernate.dialect=org.hibernate.dialect.MySQLDialect
2019-08-20 00:44:51 DEBUG Configuration:2035 - hibernate.connection.driver_class=com.mysql.jdbc.Driver
2019-08-20 00:44:51 DEBUG Configuration:2035 - hibernate.connection.url=jdbc:mysql://localhost:3306/management?autoReconnect&
useUnicode=true&characterEncoding=UTF-8
2019-08-20 00:44:51 DEBUG Configuration:2035 - hibernate.connection.username=root
2019-08-20 00:44:51 DEBUG Configuration:2035 - hibernate.connection.password=123456?a
2019-08-20 00:44:51 DEBUG Configuration:2254 - Session-factory config [null] named resource [exercisetwoDTO/student.hbm.xml] for mapping
2019-08-20 00:44:51 INFO  Configuration:757 - HHH000221: Reading mappings from resource: exercisetwoDTO/student.hbm.xml
2019-08-20 00:44:51 DEBUG DTDEntityResolver:69 - Trying to resolve system-id [http://hibernate.sourceforge.net/hibernate-mapping-3.0.dtd]
2019-08-20 00:44:51 WARN  DTDEntityResolver:75 - HHH000223: Recognized obsolete hibernate namespace http://hibernate.sourceforge.net/. Use namespace http://www.hibernate.org/dtd/ instead. Refer to Hibernate 3.6 Migration Guide!
2019-08-20 00:44:51 DEBUG DTDEntityResolver:76 - Attempting to resolve on classpath under org/hibernate/
2019-08-20 00:44:51 DEBUG DTDEntityResolver:108 - Located [http://hibernate.sourceforge.net/hibernate-mapping-3.0.dtd] in classpath
2019-08-20 00:44:52 DEBUG Configuration:2254 - Session-factory config [null] named resource [exercisetwoDTO/class.hbm.xml] for mapping
2019-08-20 00:44:52 INFO  Configuration:757 - HHH000221: Reading mappings from resource: exercisetwoDTO/class.hbm.xml
2019-08-20 00:44:52 DEBUG DTDEntityResolver:69 - Trying to resolve system-id [http://hibernate.sourceforge.net/hibernate-mapping-3.0.dtd]
2019-08-20 00:44:52 WARN  DTDEntityResolver:75 - HHH000223: Recognized obsolete hibernate namespace http://hibernate.sourceforge.net/. Use namespace http://www.hibernate.org/dtd/ instead. Refer to Hibernate 3.6 Migration Guide!
2019-08-20 00:44:52 DEBUG DTDEntityResolver:76 - Attempting to resolve on classpath under org/hibernate/
2019-08-20 00:44:52 DEBUG DTDEntityResolver:108 - Located [http://hibernate.sourceforge.net/hibernate-mapping-3.0.dtd] in classpath
2019-08-20 00:44:52 INFO  Configuration:2214 - HHH000041: Configured SessionFactory: null
2019-08-20 00:44:52 DEBUG Configuration:2215 - Properties: {hibernate.connection.password=123456?a, java.runtime.name=OpenJDK Runtime Environment, sun.boot.library.path=/usr/lib/jvm/java-8-openjdk-amd64/jre/lib/amd64, java.vm.version=25.222-b10, hibernate.connection.username=root, java.vm.vendor=Private Build, java.vendor.url=http://java.oracle.com/, path.separator=:, java.vm.name=OpenJDK 64-Bit Server VM, file.encoding.pkg=sun.io, user.country=US, sun.java.launcher=SUN_STANDARD, sun.os.patch.level=unknown, java.vm.specification.name=Java Virtual Machine Specification, user.dir=/home/peter/Desktop/hoc kì 2/Lập trình java/workspace/baitap2/ltudjava-18hcb-18424069-bt2/ExcerciseTwo, java.runtime.version=1.8.0_222-8u222-b10-1ubuntu1~18.04.1-b10, java.awt.graphicsenv=sun.awt.X11GraphicsEnvironment, java.endorsed.dirs=/usr/lib/jvm/java-8-openjdk-amd64/jre/lib/endorsed, os.arch=amd64, java.io.tmpdir=/tmp, line.separator=
, java.vm.specification.vendor=Oracle Corporation, os.name=Linux, sun.jnu.encoding=UTF-8, java.library.path=/usr/lib/jvm/java-1.8.0-openjdk-amd64/jre/lib/amd64:/usr/lib/jvm/java-1.8.0-openjdk-amd64/jre/lib/i386::/usr/java/packages/lib/amd64:/usr/lib/x86_64-linux-gnu/jni:/lib/x86_64-linux-gnu:/usr/lib/x86_64-linux-gnu:/usr/lib/jni:/lib:/usr/lib, java.specification.name=Java Platform API Specification, java.class.version=52.0, sun.management.compiler=HotSpot 64-Bit Tiered Compilers, os.version=5.0.0-25-generic, user.home=/home/peter, user.timezone=Asia/Ho_Chi_Minh, java.awt.printerjob=sun.print.PSPrinterJob, file.encoding=UTF-8, java.specification.version=1.8, hibernate.connection.driver_class=com.mysql.jdbc.Driver, user.name=peter, java.class.path=/usr/local/netbeans-8.2/java/modules/ext/beansbinding-1.2.1.jar:/home/peter/Desktop/hoc kì 2/Lập trình java/workspace/baitap2/ltudjava-18hcb-18424069-bt2/ExcerciseTwo/lib/commons-lang3-3.9.jar:/usr/local/netbeans-8.2/java/modules/ext/hibernate4/antlr-2.7.7.jar:/usr/local/netbeans-8.2/java/modules/ext/hibernate4/c3p0-0.9.2.1.jar:/usr/local/netbeans-8.2/java/modules/ext/hibernate4/hibernate-c3p0-4.3.1.Final.jar:/usr/local/netbeans-8.2/java/modules/ext/hibernate4/mchange-commons-java-0.2.3.4.jar:/usr/local/netbeans-8.2/java/modules/ext/hibernate4/dom4j-1.6.1.jar:/usr/local/netbeans-8.2/java/modules/ext/hibernate4/ehcache-core-2.4.3.jar:/usr/local/netbeans-8.2/java/modules/ext/hibernate4/hibernate-ehcache-4.3.1.Final.jar:/usr/local/netbeans-8.2/java/modules/ext/hibernate4/hibernate-core-4.3.1.Final.jar:/usr/local/netbeans-8.2/java/modules/ext/hibernate4/jboss-logging-3.1.3.GA.jar:/usr/local/netbeans-8.2/java/modules/ext/hibernate4/hibernate-commons-annotations-4.0.4.Final.jar:/usr/local/netbeans-8.2/java/modules/ext/hibernate4/hibernate-entitymanager-4.3.1.Final.jar:/usr/local/netbeans-8.2/java/modules/ext/hibernate4/javassist-3.18.1-GA.jar:/usr/local/netbeans-8.2/java/modules/ext/hibernate4/jboss-transaction-api_1.2_spec-1.0.0.Final.jar:/usr/local/netbeans-8.2/java/modules/ext/hibernate4/slf4j-api-1.6.1.jar:/usr/local/netbeans-8.2/java/modules/ext/hibernate4/slf4j-simple-1.6.1.jar:/usr/local/netbeans-8.2/java/modules/ext/hibernate4/hibernate-jpa-2.1-api-1.0.0.Final.jar:/usr/local/netbeans-8.2/ide/modules/ext/mysql-connector-java-5.1.23-bin.jar:/home/peter/Desktop/hoc kì 2/Lập trình java/workspace/baitap2/ltudjava-18hcb-18424069-bt2/ExcerciseTwo/lib/log4j-1.2.17.jar:/home/peter/Desktop/hoc kì 2/Lập trình java/workspace/baitap2/ltudjava-18hcb-18424069-bt2/ExcerciseTwo/build/classes, hibernate.bytecode.use_reflection_optimizer=false, java.vm.specification.version=1.8, sun.java.command=excercisetwoDAL.ClassDAL, java.home=/usr/lib/jvm/java-8-openjdk-amd64/jre, sun.arch.data.model=64, hibernate.connection.url=jdbc:mysql://localhost:3306/management?autoReconnect&
useUnicode=true&characterEncoding=UTF-8, hibernate.dialect=org.hibernate.dialect.MySQLDialect, user.language=en, java.specification.vendor=Oracle Corporation, awt.toolkit=sun.awt.X11.XToolkit, java.vm.info=mixed mode, java.version=1.8.0_222, java.ext.dirs=/usr/lib/jvm/java-8-openjdk-amd64/jre/lib/ext:/usr/java/packages/lib/ext, sun.boot.class.path=/usr/lib/jvm/java-8-openjdk-amd64/jre/lib/resources.jar:/usr/lib/jvm/java-8-openjdk-amd64/jre/lib/rt.jar:/usr/lib/jvm/java-8-openjdk-amd64/jre/lib/sunrsasign.jar:/usr/lib/jvm/java-8-openjdk-amd64/jre/lib/jsse.jar:/usr/lib/jvm/java-8-openjdk-amd64/jre/lib/jce.jar:/usr/lib/jvm/java-8-openjdk-amd64/jre/lib/charsets.jar:/usr/lib/jvm/java-8-openjdk-amd64/jre/lib/jfr.jar:/usr/lib/jvm/java-8-openjdk-amd64/jre/classes, java.vendor=Private Build, file.separator=/, java.vendor.url.bug=http://bugreport.sun.com/bugreport/, sun.io.unicode.encoding=UnicodeLittle, sun.cpu.endian=little, sun.desktop=gnome, sun.cpu.isalist=}
2019-08-20 00:44:52 DEBUG IntegratorServiceImpl:63 - Adding Integrator [org.hibernate.cfg.beanvalidation.BeanValidationIntegrator].
2019-08-20 00:44:52 DEBUG IntegratorServiceImpl:63 - Adding Integrator [org.hibernate.secure.spi.JaccIntegrator].
2019-08-20 00:44:52 DEBUG IntegratorServiceImpl:63 - Adding Integrator [org.hibernate.cache.internal.CollectionCacheInvalidator].
2019-08-20 00:44:52 DEBUG StrategySelectorImpl:79 - Registering named strategy selector [org.hibernate.dialect.Dialect] : [MySQL5] -> [org.hibernate.dialect.MySQL5Dialect] (replacing [org.hibernate.dialect.MySQL5Dialect])
2019-08-20 00:44:52 DEBUG StrategySelectorImpl:79 - Registering named strategy selector [org.hibernate.dialect.Dialect] : [MySQL5InnoDB] -> [org.hibernate.dialect.MySQL5InnoDBDialect] (replacing [org.hibernate.dialect.MySQL5InnoDBDialect])
2019-08-20 00:44:52 DEBUG ServiceBinding:85 - Overriding existing service binding [org.hibernate.secure.spi.JaccService]
2019-08-20 00:44:52 DEBUG Configuration:1841 - Preparing to build session factory with filters : {}
2019-08-20 00:44:52 WARN  DriverManagerConnectionProviderImpl:93 - HHH000402: Using Hibernate built-in connection pool (not for production use!)
2019-08-20 00:44:52 INFO  DriverManagerConnectionProviderImpl:166 - HHH000401: using driver [com.mysql.jdbc.Driver] at URL [jdbc:mysql://localhost:3306/management?autoReconnect&
useUnicode=true&characterEncoding=UTF-8]
2019-08-20 00:44:52 INFO  DriverManagerConnectionProviderImpl:172 - HHH000046: Connection properties: {user=root, password=123456?a}
2019-08-20 00:44:52 INFO  DriverManagerConnectionProviderImpl:180 - HHH000006: Autocommit mode: false
2019-08-20 00:44:52 INFO  DriverManagerConnectionProviderImpl:102 - HHH000115: Hibernate connection pool size: 20 (min=1)
2019-08-20 00:44:52 DEBUG DriverManagerConnectionProviderImpl:104 - Initializing Connection pool with 1 Connections
2019-08-20 00:44:53 DEBUG JdbcServicesImpl:128 - Database ->
       name : MySQL
    version : 5.7.27-0ubuntu0.18.04.1
      major : 5
      minor : 7
2019-08-20 00:44:53 DEBUG JdbcServicesImpl:139 - Driver ->
       name : MySQL-AB JDBC Driver
    version : mysql-connector-java-5.1.23 ( Revision: ${bzr.revision-id} )
      major : 5
      minor : 1
2019-08-20 00:44:53 DEBUG JdbcServicesImpl:150 - JDBC version : 4.0
2019-08-20 00:44:53 DEBUG StandardRefCursorSupport:187 - Unexpected error trying to gauge level of JDBC REF_CURSOR support : null
2019-08-20 00:44:53 INFO  Dialect:145 - HHH000400: Using dialect: org.hibernate.dialect.MySQLDialect
2019-08-20 00:44:53 DEBUG Configuration:3750 - Processing hbm.xml files
2019-08-20 00:44:53 DEBUG HbmBinder:354 - Mapping class: exercisetwoDTO.StudentDTO -> dbstudent
2019-08-20 00:44:53 DEBUG HbmBinder:1366 - Mapped property: idstudent -> idstudent
2019-08-20 00:44:53 DEBUG HbmBinder:1366 - Mapped property: namestudent -> namestudent
2019-08-20 00:44:53 DEBUG HbmBinder:1366 - Mapped property: sex -> sex
2019-08-20 00:44:53 DEBUG HbmBinder:1366 - Mapped property: identity -> identity
2019-08-20 00:44:53 DEBUG HbmBinder:1366 - Mapped property: classdto -> idclass
2019-08-20 00:44:53 DEBUG HbmBinder:354 - Mapping class: exercisetwoDTO.ClassDTO -> dbclass
2019-08-20 00:44:53 DEBUG HbmBinder:1366 - Mapped property: idclass -> idclass
2019-08-20 00:44:53 DEBUG HbmBinder:1366 - Mapped property: nameclass -> nameclass
2019-08-20 00:44:53 DEBUG Configuration:3780 - Process annotated classes
2019-08-20 00:44:53 DEBUG Configuration:1482 - Processing fk mappings (*ToOne and JoinedSubclass)
2019-08-20 00:44:53 DEBUG Configuration:1687 - Processing extends queue
2019-08-20 00:44:53 DEBUG Configuration:1745 - Processing extends queue
2019-08-20 00:44:53 DEBUG Configuration:1690 - Processing collection mappings
2019-08-20 00:44:53 DEBUG Configuration:1700 - Processing native query and ResultSetMapping mappings
2019-08-20 00:44:53 DEBUG Configuration:1708 - Processing association property references
2019-08-20 00:44:53 DEBUG Configuration:1730 - Creating tables' unique integer identifiers
2019-08-20 00:44:53 DEBUG Configuration:1731 - Processing foreign key constraints
2019-08-20 00:44:53 DEBUG Configuration:1802 - Resolving reference to class: exercisetwoDTO.ClassDTO
2019-08-20 00:44:53 DEBUG JtaPlatformInitiator:59 - No JtaPlatform was specified, checking resolver
2019-08-20 00:44:53 DEBUG JtaPlatformResolverInitiator:50 - No JtaPlatformResolver was specified, using default [org.hibernate.engine.transaction.jta.platform.internal.StandardJtaPlatformResolver]
2019-08-20 00:44:53 DEBUG StandardJtaPlatformResolver:118 - Could not resolve JtaPlatform, using default [org.hibernate.engine.transaction.jta.platform.internal.NoJtaPlatform]
2019-08-20 00:44:53 DEBUG SettingsFactory:122 - Automatic flush during beforeCompletion(): disabled
2019-08-20 00:44:53 DEBUG SettingsFactory:128 - Automatic session close at end of transaction: disabled
2019-08-20 00:44:53 DEBUG SettingsFactory:139 - JDBC batch size: 15
2019-08-20 00:44:53 DEBUG SettingsFactory:145 - JDBC batch updates for versioned data: disabled
2019-08-20 00:44:53 DEBUG SettingsFactory:155 - Scrollable result sets: enabled
2019-08-20 00:44:53 DEBUG SettingsFactory:161 - Wrap result sets: disabled
2019-08-20 00:44:53 DEBUG SettingsFactory:167 - JDBC3 getGeneratedKeys(): enabled
2019-08-20 00:44:53 DEBUG SettingsFactory:179 - multi-tenancy strategy : NONE
2019-08-20 00:44:53 DEBUG SettingsFactory:185 - Connection release mode: auto
2019-08-20 00:44:53 INFO  TransactionFactoryInitiator:62 - HHH000399: Using default transaction strategy (direct JDBC transactions)
2019-08-20 00:44:53 DEBUG SettingsFactory:207 - Using BatchFetchStyle : LEGACY
2019-08-20 00:44:53 DEBUG SettingsFactory:226 - Maximum outer join fetch depth: 2
2019-08-20 00:44:53 DEBUG SettingsFactory:232 - Default batch fetch size: 1
2019-08-20 00:44:53 DEBUG SettingsFactory:238 - Generate SQL with comments: disabled
2019-08-20 00:44:53 DEBUG SettingsFactory:244 - Order SQL updates by primary key: disabled
2019-08-20 00:44:53 DEBUG SettingsFactory:250 - Order SQL inserts for batching: disabled
2019-08-20 00:44:53 DEBUG SettingsFactory:258 - Default null ordering: none
2019-08-20 00:44:53 DEBUG SettingsFactory:501 - Query translator: org.hibernate.hql.internal.ast.ASTQueryTranslatorFactory
2019-08-20 00:44:53 INFO  ASTQueryTranslatorFactory:47 - HHH000397: Using ASTQueryTranslatorFactory
2019-08-20 00:44:53 DEBUG SettingsFactory:268 - Query language substitutions: {}
2019-08-20 00:44:53 DEBUG SettingsFactory:274 - JPA-QL strict compliance: disabled
2019-08-20 00:44:53 DEBUG SettingsFactory:282 - Second-level cache: enabled
2019-08-20 00:44:53 DEBUG SettingsFactory:288 - Query cache: disabled
2019-08-20 00:44:53 DEBUG RegionFactoryInitiator:105 - Cache region factory : org.hibernate.cache.internal.NoCachingRegionFactory
2019-08-20 00:44:53 DEBUG SettingsFactory:301 - Optimize cache for minimal puts: disabled
2019-08-20 00:44:53 DEBUG SettingsFactory:316 - Structured second-level cache entries: disabled
2019-08-20 00:44:53 DEBUG SettingsFactory:326 - Second-level cache direct-reference entries: disabled
2019-08-20 00:44:53 DEBUG SettingsFactory:332 - Automatic eviction of collection cache: disabled
2019-08-20 00:44:53 DEBUG SettingsFactory:340 - Statistics: disabled
2019-08-20 00:44:53 DEBUG SettingsFactory:346 - Deleted entity synthetic identifier rollback: disabled
2019-08-20 00:44:53 DEBUG SettingsFactory:373 - Default entity-mode: pojo
2019-08-20 00:44:53 DEBUG SettingsFactory:379 - Named query checking : enabled
2019-08-20 00:44:53 DEBUG SettingsFactory:385 - Check Nullability in Core (should be disabled when Bean Validation is on): enabled
2019-08-20 00:44:53 DEBUG SettingsFactory:403 - Allow initialization of lazy state outside session : : disabled
2019-08-20 00:44:53 DEBUG SettingsFactory:413 - JTA Track by Thread: enabled
2019-08-20 00:44:53 DEBUG SessionFactoryImpl:228 - Building session factory
2019-08-20 00:44:53 DEBUG SessionFactoryImpl:284 - Session factory constructed with filter configurations : {}
2019-08-20 00:44:53 DEBUG SessionFactoryImpl:285 - Instantiating session factory with properties: {java.runtime.name=OpenJDK Runtime Environment, hibernate.connection.password=123456?a, sun.boot.library.path=/usr/lib/jvm/java-8-openjdk-amd64/jre/lib/amd64, java.vm.version=25.222-b10, hibernate.connection.username=root, java.vm.vendor=Private Build, java.vendor.url=http://java.oracle.com/, path.separator=:, java.vm.name=OpenJDK 64-Bit Server VM, file.encoding.pkg=sun.io, user.country=US, sun.java.launcher=SUN_STANDARD, sun.os.patch.level=unknown, java.vm.specification.name=Java Virtual Machine Specification, user.dir=/home/peter/Desktop/hoc kì 2/Lập trình java/workspace/baitap2/ltudjava-18hcb-18424069-bt2/ExcerciseTwo, java.runtime.version=1.8.0_222-8u222-b10-1ubuntu1~18.04.1-b10, java.awt.graphicsenv=sun.awt.X11GraphicsEnvironment, java.endorsed.dirs=/usr/lib/jvm/java-8-openjdk-amd64/jre/lib/endorsed, os.arch=amd64, java.io.tmpdir=/tmp, line.separator=
, java.vm.specification.vendor=Oracle Corporation, os.name=Linux, sun.jnu.encoding=UTF-8, java.library.path=/usr/lib/jvm/java-1.8.0-openjdk-amd64/jre/lib/amd64:/usr/lib/jvm/java-1.8.0-openjdk-amd64/jre/lib/i386::/usr/java/packages/lib/amd64:/usr/lib/x86_64-linux-gnu/jni:/lib/x86_64-linux-gnu:/usr/lib/x86_64-linux-gnu:/usr/lib/jni:/lib:/usr/lib, java.specification.name=Java Platform API Specification, java.class.version=52.0, sun.management.compiler=HotSpot 64-Bit Tiered Compilers, os.version=5.0.0-25-generic, user.home=/home/peter, user.timezone=Asia/Ho_Chi_Minh, java.awt.printerjob=sun.print.PSPrinterJob, file.encoding=UTF-8, java.specification.version=1.8, hibernate.connection.driver_class=com.mysql.jdbc.Driver, java.class.path=/usr/local/netbeans-8.2/java/modules/ext/beansbinding-1.2.1.jar:/home/peter/Desktop/hoc kì 2/Lập trình java/workspace/baitap2/ltudjava-18hcb-18424069-bt2/ExcerciseTwo/lib/commons-lang3-3.9.jar:/usr/local/netbeans-8.2/java/modules/ext/hibernate4/antlr-2.7.7.jar:/usr/local/netbeans-8.2/java/modules/ext/hibernate4/c3p0-0.9.2.1.jar:/usr/local/netbeans-8.2/java/modules/ext/hibernate4/hibernate-c3p0-4.3.1.Final.jar:/usr/local/netbeans-8.2/java/modules/ext/hibernate4/mchange-commons-java-0.2.3.4.jar:/usr/local/netbeans-8.2/java/modules/ext/hibernate4/dom4j-1.6.1.jar:/usr/local/netbeans-8.2/java/modules/ext/hibernate4/ehcache-core-2.4.3.jar:/usr/local/netbeans-8.2/java/modules/ext/hibernate4/hibernate-ehcache-4.3.1.Final.jar:/usr/local/netbeans-8.2/java/modules/ext/hibernate4/hibernate-core-4.3.1.Final.jar:/usr/local/netbeans-8.2/java/modules/ext/hibernate4/jboss-logging-3.1.3.GA.jar:/usr/local/netbeans-8.2/java/modules/ext/hibernate4/hibernate-commons-annotations-4.0.4.Final.jar:/usr/local/netbeans-8.2/java/modules/ext/hibernate4/hibernate-entitymanager-4.3.1.Final.jar:/usr/local/netbeans-8.2/java/modules/ext/hibernate4/javassist-3.18.1-GA.jar:/usr/local/netbeans-8.2/java/modules/ext/hibernate4/jboss-transaction-api_1.2_spec-1.0.0.Final.jar:/usr/local/netbeans-8.2/java/modules/ext/hibernate4/slf4j-api-1.6.1.jar:/usr/local/netbeans-8.2/java/modules/ext/hibernate4/slf4j-simple-1.6.1.jar:/usr/local/netbeans-8.2/java/modules/ext/hibernate4/hibernate-jpa-2.1-api-1.0.0.Final.jar:/usr/local/netbeans-8.2/ide/modules/ext/mysql-connector-java-5.1.23-bin.jar:/home/peter/Desktop/hoc kì 2/Lập trình java/workspace/baitap2/ltudjava-18hcb-18424069-bt2/ExcerciseTwo/lib/log4j-1.2.17.jar:/home/peter/Desktop/hoc kì 2/Lập trình java/workspace/baitap2/ltudjava-18hcb-18424069-bt2/ExcerciseTwo/build/classes, user.name=peter, hibernate.bytecode.use_reflection_optimizer=false, java.vm.specification.version=1.8, sun.arch.data.model=64, java.home=/usr/lib/jvm/java-8-openjdk-amd64/jre, sun.java.command=excercisetwoDAL.ClassDAL, hibernate.dialect=org.hibernate.dialect.MySQLDialect, hibernate.connection.url=jdbc:mysql://localhost:3306/management?autoReconnect&
useUnicode=true&characterEncoding=UTF-8, java.specification.vendor=Oracle Corporation, user.language=en, awt.toolkit=sun.awt.X11.XToolkit, java.vm.info=mixed mode, java.version=1.8.0_222, java.ext.dirs=/usr/lib/jvm/java-8-openjdk-amd64/jre/lib/ext:/usr/java/packages/lib/ext, sun.boot.class.path=/usr/lib/jvm/java-8-openjdk-amd64/jre/lib/resources.jar:/usr/lib/jvm/java-8-openjdk-amd64/jre/lib/rt.jar:/usr/lib/jvm/java-8-openjdk-amd64/jre/lib/sunrsasign.jar:/usr/lib/jvm/java-8-openjdk-amd64/jre/lib/jsse.jar:/usr/lib/jvm/java-8-openjdk-amd64/jre/lib/jce.jar:/usr/lib/jvm/java-8-openjdk-amd64/jre/lib/charsets.jar:/usr/lib/jvm/java-8-openjdk-amd64/jre/lib/jfr.jar:/usr/lib/jvm/java-8-openjdk-amd64/jre/classes, java.vendor=Private Build, file.separator=/, java.vendor.url.bug=http://bugreport.sun.com/bugreport/, sun.cpu.endian=little, sun.io.unicode.encoding=UnicodeLittle, sun.desktop=gnome, sun.cpu.isalist=}
2019-08-20 00:44:53 DEBUG JaccIntegrator:90 - Skipping JACC integration as it was not enabled
2019-08-20 00:44:53 DEBUG DefaultIdentifierGeneratorFactory:107 - Setting dialect [org.hibernate.dialect.MySQLDialect]
2019-08-20 00:44:53 DEBUG DefaultIdentifierGeneratorFactory:107 - Setting dialect [org.hibernate.dialect.MySQLDialect]
2019-08-20 00:44:53 DEBUG AbstractEntityPersister:3670 - Static SQL for entity: exercisetwoDTO.StudentDTO
2019-08-20 00:44:53 DEBUG AbstractEntityPersister:3675 -  Version select: select idstudent from dbstudent where idstudent =?
2019-08-20 00:44:53 DEBUG AbstractEntityPersister:3678 -  Snapshot select: select studentdto_.idstudent, studentdto_.namestudent as namestud2_1_, studentdto_.sex as sex3_1_, studentdto_.identity as identity4_1_, studentdto_.idclass as idclass5_1_ from dbstudent studentdto_ where studentdto_.idstudent=?
2019-08-20 00:44:53 DEBUG AbstractEntityPersister:3681 -  Insert 0: insert into dbstudent (namestudent, sex, identity, idclass, idstudent) values (?, ?, ?, ?, ?)
2019-08-20 00:44:53 DEBUG AbstractEntityPersister:3682 -  Update 0: update dbstudent set namestudent=?, sex=?, identity=?, idclass=? where idstudent=?
2019-08-20 00:44:53 DEBUG AbstractEntityPersister:3683 -  Delete 0: delete from dbstudent where idstudent=?
2019-08-20 00:44:53 DEBUG QuerySpacesImpl:177 - Adding QuerySpace : uid = <gen:0> -> org.hibernate.loader.plan.build.internal.spaces.EntityQuerySpaceImpl@56cdfb3b]
2019-08-20 00:44:53 DEBUG MetamodelGraphWalker:154 - Visiting attribute path : namestudent
2019-08-20 00:44:53 DEBUG MetamodelGraphWalker:154 - Visiting attribute path : sex
2019-08-20 00:44:53 DEBUG MetamodelGraphWalker:154 - Visiting attribute path : identity
2019-08-20 00:44:53 DEBUG MetamodelGraphWalker:154 - Visiting attribute path : classdto
2019-08-20 00:44:53 DEBUG QuerySpacesImpl:177 - Adding QuerySpace : uid = <gen:1> -> org.hibernate.loader.plan.build.internal.spaces.EntityQuerySpaceImpl@f5acb9d]
2019-08-20 00:44:53 DEBUG MetamodelGraphWalker:154 - Visiting attribute path : classdto.nameclass
2019-08-20 00:44:53 DEBUG FetchStyleLoadPlanBuildingAssociationVisitationStrategy:94 - Building LoadPlan...
2019-08-20 00:44:53 DEBUG LoadQueryJoinAndFetchProcessor:111 - processing queryspace <gen:0>
2019-08-20 00:44:53 DEBUG LoadPlanTreePrinter:72 - LoadPlan(entity=exercisetwoDTO.StudentDTO)
    - Returns
       - EntityReturnImpl(entity=exercisetwoDTO.StudentDTO, querySpaceUid=<gen:0>, path=exercisetwoDTO.StudentDTO)
          - EntityAttributeFetchImpl(entity=exercisetwoDTO.ClassDTO, querySpaceUid=<gen:1>, path=exercisetwoDTO.StudentDTO.classdto)
    - QuerySpaces
       - EntityQuerySpaceImpl(uid=<gen:0>, entity=exercisetwoDTO.StudentDTO)
          - SQL table alias mapping - studentdto0_
          - alias suffix - 0_
          - suffixed key columns - {idstuden1_1_0_}
          - JOIN (JoinDefinedByMetadata(classdto)) : <gen:0> -> <gen:1>
             - EntityQuerySpaceImpl(uid=<gen:1>, entity=exercisetwoDTO.ClassDTO)
                - SQL table alias mapping - classdto1_
                - alias suffix - 1_
                - suffixed key columns - {idclass1_0_1_}

2019-08-20 00:44:53 DEBUG EntityLoader:146 - Static select for entity exercisetwoDTO.StudentDTO [NONE]: select studentdto0_.idstudent as idstuden1_1_0_, studentdto0_.namestudent as namestud2_1_0_, studentdto0_.sex as sex3_1_0_, studentdto0_.identity as identity4_1_0_, studentdto0_.idclass as idclass5_1_0_, classdto1_.idclass as idclass1_0_1_, classdto1_.nameclass as nameclas2_0_1_ from dbstudent studentdto0_ inner join dbclass classdto1_ on studentdto0_.idclass=classdto1_.idclass where studentdto0_.idstudent=?
2019-08-20 00:44:53 DEBUG QuerySpacesImpl:177 - Adding QuerySpace : uid = <gen:0> -> org.hibernate.loader.plan.build.internal.spaces.EntityQuerySpaceImpl@54e1c68b]
2019-08-20 00:44:53 DEBUG MetamodelGraphWalker:154 - Visiting attribute path : namestudent
2019-08-20 00:44:53 DEBUG MetamodelGraphWalker:154 - Visiting attribute path : sex
2019-08-20 00:44:53 DEBUG MetamodelGraphWalker:154 - Visiting attribute path : identity
2019-08-20 00:44:53 DEBUG MetamodelGraphWalker:154 - Visiting attribute path : classdto
2019-08-20 00:44:53 DEBUG QuerySpacesImpl:177 - Adding QuerySpace : uid = <gen:1> -> org.hibernate.loader.plan.build.internal.spaces.EntityQuerySpaceImpl@52b1beb6]
2019-08-20 00:44:53 DEBUG MetamodelGraphWalker:154 - Visiting attribute path : classdto.nameclass
2019-08-20 00:44:53 DEBUG FetchStyleLoadPlanBuildingAssociationVisitationStrategy:94 - Building LoadPlan...
2019-08-20 00:44:53 DEBUG LoadQueryJoinAndFetchProcessor:111 - processing queryspace <gen:0>
2019-08-20 00:44:53 DEBUG LoadPlanTreePrinter:72 - LoadPlan(entity=exercisetwoDTO.StudentDTO)
    - Returns
       - EntityReturnImpl(entity=exercisetwoDTO.StudentDTO, querySpaceUid=<gen:0>, path=exercisetwoDTO.StudentDTO)
          - EntityAttributeFetchImpl(entity=exercisetwoDTO.ClassDTO, querySpaceUid=<gen:1>, path=exercisetwoDTO.StudentDTO.classdto)
    - QuerySpaces
       - EntityQuerySpaceImpl(uid=<gen:0>, entity=exercisetwoDTO.StudentDTO)
          - SQL table alias mapping - studentdto0_
          - alias suffix - 0_
          - suffixed key columns - {idstuden1_1_0_}
          - JOIN (JoinDefinedByMetadata(classdto)) : <gen:0> -> <gen:1>
             - EntityQuerySpaceImpl(uid=<gen:1>, entity=exercisetwoDTO.ClassDTO)
                - SQL table alias mapping - classdto1_
                - alias suffix - 1_
                - suffixed key columns - {idclass1_0_1_}

2019-08-20 00:44:53 DEBUG EntityLoader:146 - Static select for entity exercisetwoDTO.StudentDTO [READ]: select studentdto0_.idstudent as idstuden1_1_0_, studentdto0_.namestudent as namestud2_1_0_, studentdto0_.sex as sex3_1_0_, studentdto0_.identity as identity4_1_0_, studentdto0_.idclass as idclass5_1_0_, classdto1_.idclass as idclass1_0_1_, classdto1_.nameclass as nameclas2_0_1_ from dbstudent studentdto0_ inner join dbclass classdto1_ on studentdto0_.idclass=classdto1_.idclass where studentdto0_.idstudent=?
2019-08-20 00:44:53 DEBUG QuerySpacesImpl:177 - Adding QuerySpace : uid = <gen:0> -> org.hibernate.loader.plan.build.internal.spaces.EntityQuerySpaceImpl@7db12bb6]
2019-08-20 00:44:53 DEBUG MetamodelGraphWalker:154 - Visiting attribute path : namestudent
2019-08-20 00:44:53 DEBUG MetamodelGraphWalker:154 - Visiting attribute path : sex
2019-08-20 00:44:53 DEBUG MetamodelGraphWalker:154 - Visiting attribute path : identity
2019-08-20 00:44:53 DEBUG MetamodelGraphWalker:154 - Visiting attribute path : classdto
2019-08-20 00:44:53 DEBUG QuerySpacesImpl:177 - Adding QuerySpace : uid = <gen:1> -> org.hibernate.loader.plan.build.internal.spaces.EntityQuerySpaceImpl@272113c4]
2019-08-20 00:44:53 DEBUG FetchStyleLoadPlanBuildingAssociationVisitationStrategy:94 - Building LoadPlan...
2019-08-20 00:44:53 DEBUG LoadQueryJoinAndFetchProcessor:111 - processing queryspace <gen:0>
2019-08-20 00:44:53 DEBUG LoadPlanTreePrinter:72 - LoadPlan(entity=exercisetwoDTO.StudentDTO)
    - Returns
       - EntityReturnImpl(entity=exercisetwoDTO.StudentDTO, querySpaceUid=<gen:0>, path=exercisetwoDTO.StudentDTO)
          - EntityAttributeFetchImpl(entity=exercisetwoDTO.ClassDTO, querySpaceUid=<gen:1>, path=exercisetwoDTO.StudentDTO.classdto)
    - QuerySpaces
       - EntityQuerySpaceImpl(uid=<gen:0>, entity=exercisetwoDTO.StudentDTO)
          - SQL table alias mapping - studentdto0_
          - alias suffix - 0_
          - suffixed key columns - {idstuden1_1_0_}

2019-08-20 00:44:53 DEBUG EntityLoader:146 - Static select for entity exercisetwoDTO.StudentDTO [UPGRADE]: select studentdto0_.idstudent as idstuden1_1_0_, studentdto0_.namestudent as namestud2_1_0_, studentdto0_.sex as sex3_1_0_, studentdto0_.identity as identity4_1_0_, studentdto0_.idclass as idclass5_1_0_ from dbstudent studentdto0_ where studentdto0_.idstudent=? for update
2019-08-20 00:44:53 DEBUG QuerySpacesImpl:177 - Adding QuerySpace : uid = <gen:0> -> org.hibernate.loader.plan.build.internal.spaces.EntityQuerySpaceImpl@73e9cf30]
2019-08-20 00:44:53 DEBUG MetamodelGraphWalker:154 - Visiting attribute path : namestudent
2019-08-20 00:44:53 DEBUG MetamodelGraphWalker:154 - Visiting attribute path : sex
2019-08-20 00:44:53 DEBUG MetamodelGraphWalker:154 - Visiting attribute path : identity
2019-08-20 00:44:53 DEBUG MetamodelGraphWalker:154 - Visiting attribute path : classdto
2019-08-20 00:44:53 DEBUG QuerySpacesImpl:177 - Adding QuerySpace : uid = <gen:1> -> org.hibernate.loader.plan.build.internal.spaces.EntityQuerySpaceImpl@2d52216b]
2019-08-20 00:44:53 DEBUG FetchStyleLoadPlanBuildingAssociationVisitationStrategy:94 - Building LoadPlan...
2019-08-20 00:44:53 DEBUG LoadQueryJoinAndFetchProcessor:111 - processing queryspace <gen:0>
2019-08-20 00:44:53 DEBUG LoadPlanTreePrinter:72 - LoadPlan(entity=exercisetwoDTO.StudentDTO)
    - Returns
       - EntityReturnImpl(entity=exercisetwoDTO.StudentDTO, querySpaceUid=<gen:0>, path=exercisetwoDTO.StudentDTO)
          - EntityAttributeFetchImpl(entity=exercisetwoDTO.ClassDTO, querySpaceUid=<gen:1>, path=exercisetwoDTO.StudentDTO.classdto)
    - QuerySpaces
       - EntityQuerySpaceImpl(uid=<gen:0>, entity=exercisetwoDTO.StudentDTO)
          - SQL table alias mapping - studentdto0_
          - alias suffix - 0_
          - suffixed key columns - {idstuden1_1_0_}

2019-08-20 00:44:53 DEBUG EntityLoader:146 - Static select for entity exercisetwoDTO.StudentDTO [UPGRADE_NOWAIT]: select studentdto0_.idstudent as idstuden1_1_0_, studentdto0_.namestudent as namestud2_1_0_, studentdto0_.sex as sex3_1_0_, studentdto0_.identity as identity4_1_0_, studentdto0_.idclass as idclass5_1_0_ from dbstudent studentdto0_ where studentdto0_.idstudent=? for update
2019-08-20 00:44:53 DEBUG QuerySpacesImpl:177 - Adding QuerySpace : uid = <gen:0> -> org.hibernate.loader.plan.build.internal.spaces.EntityQuerySpaceImpl@242b836]
2019-08-20 00:44:53 DEBUG MetamodelGraphWalker:154 - Visiting attribute path : namestudent
2019-08-20 00:44:53 DEBUG MetamodelGraphWalker:154 - Visiting attribute path : sex
2019-08-20 00:44:53 DEBUG MetamodelGraphWalker:154 - Visiting attribute path : identity
2019-08-20 00:44:53 DEBUG MetamodelGraphWalker:154 - Visiting attribute path : classdto
2019-08-20 00:44:53 DEBUG QuerySpacesImpl:177 - Adding QuerySpace : uid = <gen:1> -> org.hibernate.loader.plan.build.internal.spaces.EntityQuerySpaceImpl@3527942a]
2019-08-20 00:44:53 DEBUG FetchStyleLoadPlanBuildingAssociationVisitationStrategy:94 - Building LoadPlan...
2019-08-20 00:44:53 DEBUG LoadQueryJoinAndFetchProcessor:111 - processing queryspace <gen:0>
2019-08-20 00:44:53 DEBUG LoadPlanTreePrinter:72 - LoadPlan(entity=exercisetwoDTO.StudentDTO)
    - Returns
       - EntityReturnImpl(entity=exercisetwoDTO.StudentDTO, querySpaceUid=<gen:0>, path=exercisetwoDTO.StudentDTO)
          - EntityAttributeFetchImpl(entity=exercisetwoDTO.ClassDTO, querySpaceUid=<gen:1>, path=exercisetwoDTO.StudentDTO.classdto)
    - QuerySpaces
       - EntityQuerySpaceImpl(uid=<gen:0>, entity=exercisetwoDTO.StudentDTO)
          - SQL table alias mapping - studentdto0_
          - alias suffix - 0_
          - suffixed key columns - {idstuden1_1_0_}

2019-08-20 00:44:53 DEBUG EntityLoader:146 - Static select for entity exercisetwoDTO.StudentDTO [UPGRADE_SKIPLOCKED]: select studentdto0_.idstudent as idstuden1_1_0_, studentdto0_.namestudent as namestud2_1_0_, studentdto0_.sex as sex3_1_0_, studentdto0_.identity as identity4_1_0_, studentdto0_.idclass as idclass5_1_0_ from dbstudent studentdto0_ where studentdto0_.idstudent=? for update
2019-08-20 00:44:53 DEBUG QuerySpacesImpl:177 - Adding QuerySpace : uid = <gen:0> -> org.hibernate.loader.plan.build.internal.spaces.EntityQuerySpaceImpl@942a29c]
2019-08-20 00:44:53 DEBUG MetamodelGraphWalker:154 - Visiting attribute path : namestudent
2019-08-20 00:44:53 DEBUG MetamodelGraphWalker:154 - Visiting attribute path : sex
2019-08-20 00:44:53 DEBUG MetamodelGraphWalker:154 - Visiting attribute path : identity
2019-08-20 00:44:53 DEBUG MetamodelGraphWalker:154 - Visiting attribute path : classdto
2019-08-20 00:44:53 DEBUG QuerySpacesImpl:177 - Adding QuerySpace : uid = <gen:1> -> org.hibernate.loader.plan.build.internal.spaces.EntityQuerySpaceImpl@5a45133e]
2019-08-20 00:44:53 DEBUG FetchStyleLoadPlanBuildingAssociationVisitationStrategy:94 - Building LoadPlan...
2019-08-20 00:44:53 DEBUG LoadQueryJoinAndFetchProcessor:111 - processing queryspace <gen:0>
2019-08-20 00:44:53 DEBUG LoadPlanTreePrinter:72 - LoadPlan(entity=exercisetwoDTO.StudentDTO)
    - Returns
       - EntityReturnImpl(entity=exercisetwoDTO.StudentDTO, querySpaceUid=<gen:0>, path=exercisetwoDTO.StudentDTO)
          - EntityAttributeFetchImpl(entity=exercisetwoDTO.ClassDTO, querySpaceUid=<gen:1>, path=exercisetwoDTO.StudentDTO.classdto)
    - QuerySpaces
       - EntityQuerySpaceImpl(uid=<gen:0>, entity=exercisetwoDTO.StudentDTO)
          - SQL table alias mapping - studentdto0_
          - alias suffix - 0_
          - suffixed key columns - {idstuden1_1_0_}

2019-08-20 00:44:53 DEBUG EntityLoader:146 - Static select for entity exercisetwoDTO.StudentDTO [FORCE]: select studentdto0_.idstudent as idstuden1_1_0_, studentdto0_.namestudent as namestud2_1_0_, studentdto0_.sex as sex3_1_0_, studentdto0_.identity as identity4_1_0_, studentdto0_.idclass as idclass5_1_0_ from dbstudent studentdto0_ where studentdto0_.idstudent=? for update
2019-08-20 00:44:53 DEBUG QuerySpacesImpl:177 - Adding QuerySpace : uid = <gen:0> -> org.hibernate.loader.plan.build.internal.spaces.EntityQuerySpaceImpl@534a5a98]
2019-08-20 00:44:53 DEBUG MetamodelGraphWalker:154 - Visiting attribute path : namestudent
2019-08-20 00:44:53 DEBUG MetamodelGraphWalker:154 - Visiting attribute path : sex
2019-08-20 00:44:53 DEBUG MetamodelGraphWalker:154 - Visiting attribute path : identity
2019-08-20 00:44:53 DEBUG MetamodelGraphWalker:154 - Visiting attribute path : classdto
2019-08-20 00:44:53 DEBUG QuerySpacesImpl:177 - Adding QuerySpace : uid = <gen:1> -> org.hibernate.loader.plan.build.internal.spaces.EntityQuerySpaceImpl@60bd273d]
2019-08-20 00:44:53 DEBUG FetchStyleLoadPlanBuildingAssociationVisitationStrategy:94 - Building LoadPlan...
2019-08-20 00:44:53 DEBUG LoadQueryJoinAndFetchProcessor:111 - processing queryspace <gen:0>
2019-08-20 00:44:53 DEBUG LoadPlanTreePrinter:72 - LoadPlan(entity=exercisetwoDTO.StudentDTO)
    - Returns
       - EntityReturnImpl(entity=exercisetwoDTO.StudentDTO, querySpaceUid=<gen:0>, path=exercisetwoDTO.StudentDTO)
          - EntityAttributeFetchImpl(entity=exercisetwoDTO.ClassDTO, querySpaceUid=<gen:1>, path=exercisetwoDTO.StudentDTO.classdto)
    - QuerySpaces
       - EntityQuerySpaceImpl(uid=<gen:0>, entity=exercisetwoDTO.StudentDTO)
          - SQL table alias mapping - studentdto0_
          - alias suffix - 0_
          - suffixed key columns - {idstuden1_1_0_}

2019-08-20 00:44:53 DEBUG EntityLoader:146 - Static select for entity exercisetwoDTO.StudentDTO [PESSIMISTIC_READ]: select studentdto0_.idstudent as idstuden1_1_0_, studentdto0_.namestudent as namestud2_1_0_, studentdto0_.sex as sex3_1_0_, studentdto0_.identity as identity4_1_0_, studentdto0_.idclass as idclass5_1_0_ from dbstudent studentdto0_ where studentdto0_.idstudent=? lock in share mode
2019-08-20 00:44:53 DEBUG QuerySpacesImpl:177 - Adding QuerySpace : uid = <gen:0> -> org.hibernate.loader.plan.build.internal.spaces.EntityQuerySpaceImpl@121314f7]
2019-08-20 00:44:53 DEBUG MetamodelGraphWalker:154 - Visiting attribute path : namestudent
2019-08-20 00:44:53 DEBUG MetamodelGraphWalker:154 - Visiting attribute path : sex
2019-08-20 00:44:53 DEBUG MetamodelGraphWalker:154 - Visiting attribute path : identity
2019-08-20 00:44:53 DEBUG MetamodelGraphWalker:154 - Visiting attribute path : classdto
2019-08-20 00:44:53 DEBUG QuerySpacesImpl:177 - Adding QuerySpace : uid = <gen:1> -> org.hibernate.loader.plan.build.internal.spaces.EntityQuerySpaceImpl@5e600dd5]
2019-08-20 00:44:53 DEBUG FetchStyleLoadPlanBuildingAssociationVisitationStrategy:94 - Building LoadPlan...
2019-08-20 00:44:53 DEBUG LoadQueryJoinAndFetchProcessor:111 - processing queryspace <gen:0>
2019-08-20 00:44:53 DEBUG LoadPlanTreePrinter:72 - LoadPlan(entity=exercisetwoDTO.StudentDTO)
    - Returns
       - EntityReturnImpl(entity=exercisetwoDTO.StudentDTO, querySpaceUid=<gen:0>, path=exercisetwoDTO.StudentDTO)
          - EntityAttributeFetchImpl(entity=exercisetwoDTO.ClassDTO, querySpaceUid=<gen:1>, path=exercisetwoDTO.StudentDTO.classdto)
    - QuerySpaces
       - EntityQuerySpaceImpl(uid=<gen:0>, entity=exercisetwoDTO.StudentDTO)
          - SQL table alias mapping - studentdto0_
          - alias suffix - 0_
          - suffixed key columns - {idstuden1_1_0_}

2019-08-20 00:44:53 DEBUG EntityLoader:146 - Static select for entity exercisetwoDTO.StudentDTO [PESSIMISTIC_WRITE]: select studentdto0_.idstudent as idstuden1_1_0_, studentdto0_.namestudent as namestud2_1_0_, studentdto0_.sex as sex3_1_0_, studentdto0_.identity as identity4_1_0_, studentdto0_.idclass as idclass5_1_0_ from dbstudent studentdto0_ where studentdto0_.idstudent=? for update
2019-08-20 00:44:53 DEBUG QuerySpacesImpl:177 - Adding QuerySpace : uid = <gen:0> -> org.hibernate.loader.plan.build.internal.spaces.EntityQuerySpaceImpl@576d5deb]
2019-08-20 00:44:53 DEBUG MetamodelGraphWalker:154 - Visiting attribute path : namestudent
2019-08-20 00:44:53 DEBUG MetamodelGraphWalker:154 - Visiting attribute path : sex
2019-08-20 00:44:53 DEBUG MetamodelGraphWalker:154 - Visiting attribute path : identity
2019-08-20 00:44:53 DEBUG MetamodelGraphWalker:154 - Visiting attribute path : classdto
2019-08-20 00:44:53 DEBUG QuerySpacesImpl:177 - Adding QuerySpace : uid = <gen:1> -> org.hibernate.loader.plan.build.internal.spaces.EntityQuerySpaceImpl@2e3967ea]
2019-08-20 00:44:53 DEBUG FetchStyleLoadPlanBuildingAssociationVisitationStrategy:94 - Building LoadPlan...
2019-08-20 00:44:53 DEBUG LoadQueryJoinAndFetchProcessor:111 - processing queryspace <gen:0>
2019-08-20 00:44:53 DEBUG LoadPlanTreePrinter:72 - LoadPlan(entity=exercisetwoDTO.StudentDTO)
    - Returns
       - EntityReturnImpl(entity=exercisetwoDTO.StudentDTO, querySpaceUid=<gen:0>, path=exercisetwoDTO.StudentDTO)
          - EntityAttributeFetchImpl(entity=exercisetwoDTO.ClassDTO, querySpaceUid=<gen:1>, path=exercisetwoDTO.StudentDTO.classdto)
    - QuerySpaces
       - EntityQuerySpaceImpl(uid=<gen:0>, entity=exercisetwoDTO.StudentDTO)
          - SQL table alias mapping - studentdto0_
          - alias suffix - 0_
          - suffixed key columns - {idstuden1_1_0_}

2019-08-20 00:44:53 DEBUG EntityLoader:146 - Static select for entity exercisetwoDTO.StudentDTO [PESSIMISTIC_FORCE_INCREMENT]: select studentdto0_.idstudent as idstuden1_1_0_, studentdto0_.namestudent as namestud2_1_0_, studentdto0_.sex as sex3_1_0_, studentdto0_.identity as identity4_1_0_, studentdto0_.idclass as idclass5_1_0_ from dbstudent studentdto0_ where studentdto0_.idstudent=? for update
2019-08-20 00:44:53 DEBUG QuerySpacesImpl:177 - Adding QuerySpace : uid = <gen:0> -> org.hibernate.loader.plan.build.internal.spaces.EntityQuerySpaceImpl@70e9c95d]
2019-08-20 00:44:53 DEBUG MetamodelGraphWalker:154 - Visiting attribute path : namestudent
2019-08-20 00:44:53 DEBUG MetamodelGraphWalker:154 - Visiting attribute path : sex
2019-08-20 00:44:53 DEBUG MetamodelGraphWalker:154 - Visiting attribute path : identity
2019-08-20 00:44:53 DEBUG MetamodelGraphWalker:154 - Visiting attribute path : classdto
2019-08-20 00:44:53 DEBUG QuerySpacesImpl:177 - Adding QuerySpace : uid = <gen:1> -> org.hibernate.loader.plan.build.internal.spaces.EntityQuerySpaceImpl@a38c7fe]
2019-08-20 00:44:53 DEBUG FetchStyleLoadPlanBuildingAssociationVisitationStrategy:94 - Building LoadPlan...
2019-08-20 00:44:53 DEBUG LoadQueryJoinAndFetchProcessor:111 - processing queryspace <gen:0>
2019-08-20 00:44:53 DEBUG LoadPlanTreePrinter:72 - LoadPlan(entity=exercisetwoDTO.StudentDTO)
    - Returns
       - EntityReturnImpl(entity=exercisetwoDTO.StudentDTO, querySpaceUid=<gen:0>, path=exercisetwoDTO.StudentDTO)
          - EntityAttributeFetchImpl(entity=exercisetwoDTO.ClassDTO, querySpaceUid=<gen:1>, path=exercisetwoDTO.StudentDTO.classdto)
    - QuerySpaces
       - EntityQuerySpaceImpl(uid=<gen:0>, entity=exercisetwoDTO.StudentDTO)
          - SQL table alias mapping - studentdto0_
          - alias suffix - 0_
          - suffixed key columns - {idstuden1_1_0_}

2019-08-20 00:44:53 DEBUG EntityLoader:146 - Static select for entity exercisetwoDTO.StudentDTO [OPTIMISTIC]: select studentdto0_.idstudent as idstuden1_1_0_, studentdto0_.namestudent as namestud2_1_0_, studentdto0_.sex as sex3_1_0_, studentdto0_.identity as identity4_1_0_, studentdto0_.idclass as idclass5_1_0_ from dbstudent studentdto0_ where studentdto0_.idstudent=?
2019-08-20 00:44:53 DEBUG QuerySpacesImpl:177 - Adding QuerySpace : uid = <gen:0> -> org.hibernate.loader.plan.build.internal.spaces.EntityQuerySpaceImpl@6fdbe764]
2019-08-20 00:44:53 DEBUG MetamodelGraphWalker:154 - Visiting attribute path : namestudent
2019-08-20 00:44:53 DEBUG MetamodelGraphWalker:154 - Visiting attribute path : sex
2019-08-20 00:44:53 DEBUG MetamodelGraphWalker:154 - Visiting attribute path : identity
2019-08-20 00:44:53 DEBUG MetamodelGraphWalker:154 - Visiting attribute path : classdto
2019-08-20 00:44:53 DEBUG QuerySpacesImpl:177 - Adding QuerySpace : uid = <gen:1> -> org.hibernate.loader.plan.build.internal.spaces.EntityQuerySpaceImpl@2e6a8155]
2019-08-20 00:44:53 DEBUG FetchStyleLoadPlanBuildingAssociationVisitationStrategy:94 - Building LoadPlan...
2019-08-20 00:44:53 DEBUG LoadQueryJoinAndFetchProcessor:111 - processing queryspace <gen:0>
2019-08-20 00:44:53 DEBUG LoadPlanTreePrinter:72 - LoadPlan(entity=exercisetwoDTO.StudentDTO)
    - Returns
       - EntityReturnImpl(entity=exercisetwoDTO.StudentDTO, querySpaceUid=<gen:0>, path=exercisetwoDTO.StudentDTO)
          - EntityAttributeFetchImpl(entity=exercisetwoDTO.ClassDTO, querySpaceUid=<gen:1>, path=exercisetwoDTO.StudentDTO.classdto)
    - QuerySpaces
       - EntityQuerySpaceImpl(uid=<gen:0>, entity=exercisetwoDTO.StudentDTO)
          - SQL table alias mapping - studentdto0_
          - alias suffix - 0_
          - suffixed key columns - {idstuden1_1_0_}

2019-08-20 00:44:53 DEBUG EntityLoader:146 - Static select for entity exercisetwoDTO.StudentDTO [OPTIMISTIC_FORCE_INCREMENT]: select studentdto0_.idstudent as idstuden1_1_0_, studentdto0_.namestudent as namestud2_1_0_, studentdto0_.sex as sex3_1_0_, studentdto0_.identity as identity4_1_0_, studentdto0_.idclass as idclass5_1_0_ from dbstudent studentdto0_ where studentdto0_.idstudent=?
2019-08-20 00:44:53 DEBUG Loader:56 - Static select for action ACTION_MERGE on entity exercisetwoDTO.StudentDTO: select studentdto0_.idstudent as idstuden1_1_0_, studentdto0_.namestudent as namestud2_1_0_, studentdto0_.sex as sex3_1_0_, studentdto0_.identity as identity4_1_0_, studentdto0_.idclass as idclass5_1_0_ from dbstudent studentdto0_ where studentdto0_.idstudent=?
2019-08-20 00:44:53 DEBUG Loader:56 - Static select for action ACTION_REFRESH on entity exercisetwoDTO.StudentDTO: select studentdto0_.idstudent as idstuden1_1_0_, studentdto0_.namestudent as namestud2_1_0_, studentdto0_.sex as sex3_1_0_, studentdto0_.identity as identity4_1_0_, studentdto0_.idclass as idclass5_1_0_ from dbstudent studentdto0_ where studentdto0_.idstudent=?
2019-08-20 00:44:53 DEBUG AbstractEntityPersister:3670 - Static SQL for entity: exercisetwoDTO.ClassDTO
2019-08-20 00:44:53 DEBUG AbstractEntityPersister:3675 -  Version select: select idclass from dbclass where idclass =?
2019-08-20 00:44:53 DEBUG AbstractEntityPersister:3678 -  Snapshot select: select classdto_.idclass, classdto_.nameclass as nameclas2_0_ from dbclass classdto_ where classdto_.idclass=?
2019-08-20 00:44:53 DEBUG AbstractEntityPersister:3681 -  Insert 0: insert into dbclass (nameclass, idclass) values (?, ?)
2019-08-20 00:44:53 DEBUG AbstractEntityPersister:3682 -  Update 0: update dbclass set nameclass=? where idclass=?
2019-08-20 00:44:53 DEBUG AbstractEntityPersister:3683 -  Delete 0: delete from dbclass where idclass=?
2019-08-20 00:44:53 DEBUG QuerySpacesImpl:177 - Adding QuerySpace : uid = <gen:0> -> org.hibernate.loader.plan.build.internal.spaces.EntityQuerySpaceImpl@644baf4a]
2019-08-20 00:44:53 DEBUG MetamodelGraphWalker:154 - Visiting attribute path : nameclass
2019-08-20 00:44:53 DEBUG FetchStyleLoadPlanBuildingAssociationVisitationStrategy:94 - Building LoadPlan...
2019-08-20 00:44:53 DEBUG LoadQueryJoinAndFetchProcessor:111 - processing queryspace <gen:0>
2019-08-20 00:44:53 DEBUG LoadPlanTreePrinter:72 - LoadPlan(entity=exercisetwoDTO.ClassDTO)
    - Returns
       - EntityReturnImpl(entity=exercisetwoDTO.ClassDTO, querySpaceUid=<gen:0>, path=exercisetwoDTO.ClassDTO)
    - QuerySpaces
       - EntityQuerySpaceImpl(uid=<gen:0>, entity=exercisetwoDTO.ClassDTO)
          - SQL table alias mapping - classdto0_
          - alias suffix - 0_
          - suffixed key columns - {idclass1_0_0_}

2019-08-20 00:44:53 DEBUG EntityLoader:146 - Static select for entity exercisetwoDTO.ClassDTO [NONE]: select classdto0_.idclass as idclass1_0_0_, classdto0_.nameclass as nameclas2_0_0_ from dbclass classdto0_ where classdto0_.idclass=?
2019-08-20 00:44:53 DEBUG QuerySpacesImpl:177 - Adding QuerySpace : uid = <gen:0> -> org.hibernate.loader.plan.build.internal.spaces.EntityQuerySpaceImpl@1ed4ae0f]
2019-08-20 00:44:53 DEBUG MetamodelGraphWalker:154 - Visiting attribute path : nameclass
2019-08-20 00:44:53 DEBUG FetchStyleLoadPlanBuildingAssociationVisitationStrategy:94 - Building LoadPlan...
2019-08-20 00:44:53 DEBUG LoadQueryJoinAndFetchProcessor:111 - processing queryspace <gen:0>
2019-08-20 00:44:53 DEBUG LoadPlanTreePrinter:72 - LoadPlan(entity=exercisetwoDTO.ClassDTO)
    - Returns
       - EntityReturnImpl(entity=exercisetwoDTO.ClassDTO, querySpaceUid=<gen:0>, path=exercisetwoDTO.ClassDTO)
    - QuerySpaces
       - EntityQuerySpaceImpl(uid=<gen:0>, entity=exercisetwoDTO.ClassDTO)
          - SQL table alias mapping - classdto0_
          - alias suffix - 0_
          - suffixed key columns - {idclass1_0_0_}

2019-08-20 00:44:53 DEBUG EntityLoader:146 - Static select for entity exercisetwoDTO.ClassDTO [READ]: select classdto0_.idclass as idclass1_0_0_, classdto0_.nameclass as nameclas2_0_0_ from dbclass classdto0_ where classdto0_.idclass=?
2019-08-20 00:44:53 DEBUG QuerySpacesImpl:177 - Adding QuerySpace : uid = <gen:0> -> org.hibernate.loader.plan.build.internal.spaces.EntityQuerySpaceImpl@6d4d66d2]
2019-08-20 00:44:53 DEBUG MetamodelGraphWalker:154 - Visiting attribute path : nameclass
2019-08-20 00:44:53 DEBUG FetchStyleLoadPlanBuildingAssociationVisitationStrategy:94 - Building LoadPlan...
2019-08-20 00:44:53 DEBUG LoadQueryJoinAndFetchProcessor:111 - processing queryspace <gen:0>
2019-08-20 00:44:53 DEBUG LoadPlanTreePrinter:72 - LoadPlan(entity=exercisetwoDTO.ClassDTO)
    - Returns
       - EntityReturnImpl(entity=exercisetwoDTO.ClassDTO, querySpaceUid=<gen:0>, path=exercisetwoDTO.ClassDTO)
    - QuerySpaces
       - EntityQuerySpaceImpl(uid=<gen:0>, entity=exercisetwoDTO.ClassDTO)
          - SQL table alias mapping - classdto0_
          - alias suffix - 0_
          - suffixed key columns - {idclass1_0_0_}

2019-08-20 00:44:53 DEBUG EntityLoader:146 - Static select for entity exercisetwoDTO.ClassDTO [UPGRADE]: select classdto0_.idclass as idclass1_0_0_, classdto0_.nameclass as nameclas2_0_0_ from dbclass classdto0_ where classdto0_.idclass=? for update
2019-08-20 00:44:53 DEBUG QuerySpacesImpl:177 - Adding QuerySpace : uid = <gen:0> -> org.hibernate.loader.plan.build.internal.spaces.EntityQuerySpaceImpl@11392934]
2019-08-20 00:44:53 DEBUG MetamodelGraphWalker:154 - Visiting attribute path : nameclass
2019-08-20 00:44:53 DEBUG FetchStyleLoadPlanBuildingAssociationVisitationStrategy:94 - Building LoadPlan...
2019-08-20 00:44:53 DEBUG LoadQueryJoinAndFetchProcessor:111 - processing queryspace <gen:0>
2019-08-20 00:44:53 DEBUG LoadPlanTreePrinter:72 - LoadPlan(entity=exercisetwoDTO.ClassDTO)
    - Returns
       - EntityReturnImpl(entity=exercisetwoDTO.ClassDTO, querySpaceUid=<gen:0>, path=exercisetwoDTO.ClassDTO)
    - QuerySpaces
       - EntityQuerySpaceImpl(uid=<gen:0>, entity=exercisetwoDTO.ClassDTO)
          - SQL table alias mapping - classdto0_
          - alias suffix - 0_
          - suffixed key columns - {idclass1_0_0_}

2019-08-20 00:44:53 DEBUG EntityLoader:146 - Static select for entity exercisetwoDTO.ClassDTO [UPGRADE_NOWAIT]: select classdto0_.idclass as idclass1_0_0_, classdto0_.nameclass as nameclas2_0_0_ from dbclass classdto0_ where classdto0_.idclass=? for update
2019-08-20 00:44:53 DEBUG QuerySpacesImpl:177 - Adding QuerySpace : uid = <gen:0> -> org.hibernate.loader.plan.build.internal.spaces.EntityQuerySpaceImpl@6e6f2380]
2019-08-20 00:44:53 DEBUG MetamodelGraphWalker:154 - Visiting attribute path : nameclass
2019-08-20 00:44:53 DEBUG FetchStyleLoadPlanBuildingAssociationVisitationStrategy:94 - Building LoadPlan...
2019-08-20 00:44:53 DEBUG LoadQueryJoinAndFetchProcessor:111 - processing queryspace <gen:0>
2019-08-20 00:44:53 DEBUG LoadPlanTreePrinter:72 - LoadPlan(entity=exercisetwoDTO.ClassDTO)
    - Returns
       - EntityReturnImpl(entity=exercisetwoDTO.ClassDTO, querySpaceUid=<gen:0>, path=exercisetwoDTO.ClassDTO)
    - QuerySpaces
       - EntityQuerySpaceImpl(uid=<gen:0>, entity=exercisetwoDTO.ClassDTO)
          - SQL table alias mapping - classdto0_
          - alias suffix - 0_
          - suffixed key columns - {idclass1_0_0_}

2019-08-20 00:44:53 DEBUG EntityLoader:146 - Static select for entity exercisetwoDTO.ClassDTO [UPGRADE_SKIPLOCKED]: select classdto0_.idclass as idclass1_0_0_, classdto0_.nameclass as nameclas2_0_0_ from dbclass classdto0_ where classdto0_.idclass=? for update
2019-08-20 00:44:53 DEBUG QuerySpacesImpl:177 - Adding QuerySpace : uid = <gen:0> -> org.hibernate.loader.plan.build.internal.spaces.EntityQuerySpaceImpl@53fe15ff]
2019-08-20 00:44:53 DEBUG MetamodelGraphWalker:154 - Visiting attribute path : nameclass
2019-08-20 00:44:53 DEBUG FetchStyleLoadPlanBuildingAssociationVisitationStrategy:94 - Building LoadPlan...
2019-08-20 00:44:53 DEBUG LoadQueryJoinAndFetchProcessor:111 - processing queryspace <gen:0>
2019-08-20 00:44:53 DEBUG LoadPlanTreePrinter:72 - LoadPlan(entity=exercisetwoDTO.ClassDTO)
    - Returns
       - EntityReturnImpl(entity=exercisetwoDTO.ClassDTO, querySpaceUid=<gen:0>, path=exercisetwoDTO.ClassDTO)
    - QuerySpaces
       - EntityQuerySpaceImpl(uid=<gen:0>, entity=exercisetwoDTO.ClassDTO)
          - SQL table alias mapping - classdto0_
          - alias suffix - 0_
          - suffixed key columns - {idclass1_0_0_}

2019-08-20 00:44:53 DEBUG EntityLoader:146 - Static select for entity exercisetwoDTO.ClassDTO [FORCE]: select classdto0_.idclass as idclass1_0_0_, classdto0_.nameclass as nameclas2_0_0_ from dbclass classdto0_ where classdto0_.idclass=? for update
2019-08-20 00:44:53 DEBUG QuerySpacesImpl:177 - Adding QuerySpace : uid = <gen:0> -> org.hibernate.loader.plan.build.internal.spaces.EntityQuerySpaceImpl@1530c739]
2019-08-20 00:44:53 DEBUG MetamodelGraphWalker:154 - Visiting attribute path : nameclass
2019-08-20 00:44:53 DEBUG FetchStyleLoadPlanBuildingAssociationVisitationStrategy:94 - Building LoadPlan...
2019-08-20 00:44:53 DEBUG LoadQueryJoinAndFetchProcessor:111 - processing queryspace <gen:0>
2019-08-20 00:44:53 DEBUG LoadPlanTreePrinter:72 - LoadPlan(entity=exercisetwoDTO.ClassDTO)
    - Returns
       - EntityReturnImpl(entity=exercisetwoDTO.ClassDTO, querySpaceUid=<gen:0>, path=exercisetwoDTO.ClassDTO)
    - QuerySpaces
       - EntityQuerySpaceImpl(uid=<gen:0>, entity=exercisetwoDTO.ClassDTO)
          - SQL table alias mapping - classdto0_
          - alias suffix - 0_
          - suffixed key columns - {idclass1_0_0_}

2019-08-20 00:44:53 DEBUG EntityLoader:146 - Static select for entity exercisetwoDTO.ClassDTO [PESSIMISTIC_READ]: select classdto0_.idclass as idclass1_0_0_, classdto0_.nameclass as nameclas2_0_0_ from dbclass classdto0_ where classdto0_.idclass=? lock in share mode
2019-08-20 00:44:53 DEBUG QuerySpacesImpl:177 - Adding QuerySpace : uid = <gen:0> -> org.hibernate.loader.plan.build.internal.spaces.EntityQuerySpaceImpl@78e4deb0]
2019-08-20 00:44:53 DEBUG MetamodelGraphWalker:154 - Visiting attribute path : nameclass
2019-08-20 00:44:53 DEBUG FetchStyleLoadPlanBuildingAssociationVisitationStrategy:94 - Building LoadPlan...
2019-08-20 00:44:53 DEBUG LoadQueryJoinAndFetchProcessor:111 - processing queryspace <gen:0>
2019-08-20 00:44:53 DEBUG LoadPlanTreePrinter:72 - LoadPlan(entity=exercisetwoDTO.ClassDTO)
    - Returns
       - EntityReturnImpl(entity=exercisetwoDTO.ClassDTO, querySpaceUid=<gen:0>, path=exercisetwoDTO.ClassDTO)
    - QuerySpaces
       - EntityQuerySpaceImpl(uid=<gen:0>, entity=exercisetwoDTO.ClassDTO)
          - SQL table alias mapping - classdto0_
          - alias suffix - 0_
          - suffixed key columns - {idclass1_0_0_}

2019-08-20 00:44:53 DEBUG EntityLoader:146 - Static select for entity exercisetwoDTO.ClassDTO [PESSIMISTIC_WRITE]: select classdto0_.idclass as idclass1_0_0_, classdto0_.nameclass as nameclas2_0_0_ from dbclass classdto0_ where classdto0_.idclass=? for update
2019-08-20 00:44:53 DEBUG QuerySpacesImpl:177 - Adding QuerySpace : uid = <gen:0> -> org.hibernate.loader.plan.build.internal.spaces.EntityQuerySpaceImpl@7d0b7e3c]
2019-08-20 00:44:53 DEBUG MetamodelGraphWalker:154 - Visiting attribute path : nameclass
2019-08-20 00:44:53 DEBUG FetchStyleLoadPlanBuildingAssociationVisitationStrategy:94 - Building LoadPlan...
2019-08-20 00:44:53 DEBUG LoadQueryJoinAndFetchProcessor:111 - processing queryspace <gen:0>
2019-08-20 00:44:53 DEBUG LoadPlanTreePrinter:72 - LoadPlan(entity=exercisetwoDTO.ClassDTO)
    - Returns
       - EntityReturnImpl(entity=exercisetwoDTO.ClassDTO, querySpaceUid=<gen:0>, path=exercisetwoDTO.ClassDTO)
    - QuerySpaces
       - EntityQuerySpaceImpl(uid=<gen:0>, entity=exercisetwoDTO.ClassDTO)
          - SQL table alias mapping - classdto0_
          - alias suffix - 0_
          - suffixed key columns - {idclass1_0_0_}

2019-08-20 00:44:53 DEBUG EntityLoader:146 - Static select for entity exercisetwoDTO.ClassDTO [PESSIMISTIC_FORCE_INCREMENT]: select classdto0_.idclass as idclass1_0_0_, classdto0_.nameclass as nameclas2_0_0_ from dbclass classdto0_ where classdto0_.idclass=? for update
2019-08-20 00:44:53 DEBUG QuerySpacesImpl:177 - Adding QuerySpace : uid = <gen:0> -> org.hibernate.loader.plan.build.internal.spaces.EntityQuerySpaceImpl@4b741d6d]
2019-08-20 00:44:53 DEBUG MetamodelGraphWalker:154 - Visiting attribute path : nameclass
2019-08-20 00:44:53 DEBUG FetchStyleLoadPlanBuildingAssociationVisitationStrategy:94 - Building LoadPlan...
2019-08-20 00:44:53 DEBUG LoadQueryJoinAndFetchProcessor:111 - processing queryspace <gen:0>
2019-08-20 00:44:53 DEBUG LoadPlanTreePrinter:72 - LoadPlan(entity=exercisetwoDTO.ClassDTO)
    - Returns
       - EntityReturnImpl(entity=exercisetwoDTO.ClassDTO, querySpaceUid=<gen:0>, path=exercisetwoDTO.ClassDTO)
    - QuerySpaces
       - EntityQuerySpaceImpl(uid=<gen:0>, entity=exercisetwoDTO.ClassDTO)
          - SQL table alias mapping - classdto0_
          - alias suffix - 0_
          - suffixed key columns - {idclass1_0_0_}

2019-08-20 00:44:53 DEBUG EntityLoader:146 - Static select for entity exercisetwoDTO.ClassDTO [OPTIMISTIC]: select classdto0_.idclass as idclass1_0_0_, classdto0_.nameclass as nameclas2_0_0_ from dbclass classdto0_ where classdto0_.idclass=?
2019-08-20 00:44:53 DEBUG QuerySpacesImpl:177 - Adding QuerySpace : uid = <gen:0> -> org.hibernate.loader.plan.build.internal.spaces.EntityQuerySpaceImpl@8f2ef19]
2019-08-20 00:44:53 DEBUG MetamodelGraphWalker:154 - Visiting attribute path : nameclass
2019-08-20 00:44:53 DEBUG FetchStyleLoadPlanBuildingAssociationVisitationStrategy:94 - Building LoadPlan...
2019-08-20 00:44:53 DEBUG LoadQueryJoinAndFetchProcessor:111 - processing queryspace <gen:0>
2019-08-20 00:44:53 DEBUG LoadPlanTreePrinter:72 - LoadPlan(entity=exercisetwoDTO.ClassDTO)
    - Returns
       - EntityReturnImpl(entity=exercisetwoDTO.ClassDTO, querySpaceUid=<gen:0>, path=exercisetwoDTO.ClassDTO)
    - QuerySpaces
       - EntityQuerySpaceImpl(uid=<gen:0>, entity=exercisetwoDTO.ClassDTO)
          - SQL table alias mapping - classdto0_
          - alias suffix - 0_
          - suffixed key columns - {idclass1_0_0_}

2019-08-20 00:44:53 DEBUG EntityLoader:146 - Static select for entity exercisetwoDTO.ClassDTO [OPTIMISTIC_FORCE_INCREMENT]: select classdto0_.idclass as idclass1_0_0_, classdto0_.nameclass as nameclas2_0_0_ from dbclass classdto0_ where classdto0_.idclass=?
2019-08-20 00:44:53 DEBUG Loader:56 - Static select for action ACTION_MERGE on entity exercisetwoDTO.ClassDTO: select classdto0_.idclass as idclass1_0_0_, classdto0_.nameclass as nameclas2_0_0_ from dbclass classdto0_ where classdto0_.idclass=?
2019-08-20 00:44:53 DEBUG Loader:56 - Static select for action ACTION_REFRESH on entity exercisetwoDTO.ClassDTO: select classdto0_.idclass as idclass1_0_0_, classdto0_.nameclass as nameclas2_0_0_ from dbclass classdto0_ where classdto0_.idclass=?
2019-08-20 00:44:53 DEBUG SessionFactoryRegistry:67 - Initializing SessionFactoryRegistry : org.hibernate.internal.SessionFactoryRegistry@53045c6c
2019-08-20 00:44:53 DEBUG SessionFactoryRegistry:89 - Registering SessionFactory: ff104152-42c7-4692-86fe-bc6822d2144e (<unnamed>)
2019-08-20 00:44:53 DEBUG SessionFactoryRegistry:96 - Not binding SessionFactory to JNDI, no JNDI name configured
2019-08-20 00:44:53 DEBUG SessionFactoryImpl:504 - Instantiated session factory
2019-08-20 00:44:53 DEBUG NamedQueryRepository:155 - Checking 0 named HQL queries
2019-08-20 00:44:53 DEBUG NamedQueryRepository:171 - Checking 0 named SQL queries
2019-08-20 00:44:53 DEBUG StatisticsInitiator:110 - Statistics initialized [enabled=false]
2019-08-20 00:44:54 INFO  ClassDAL:48 - start save: 19HB
2019-08-20 00:44:54 DEBUG AbstractTransactionImpl:160 - begin
2019-08-20 00:44:54 DEBUG LogicalConnectionImpl:226 - Obtaining JDBC connection
2019-08-20 00:44:54 DEBUG LogicalConnectionImpl:232 - Obtained JDBC connection
2019-08-20 00:44:54 DEBUG JdbcTransaction:69 - initial autocommit status: false
2019-08-20 00:44:54 DEBUG SQL:109 - select classdto_.idclass, classdto_.nameclass as nameclas2_0_ from dbclass classdto_ where classdto_.idclass=?
2019-08-20 00:44:54 DEBUG AbstractTransactionImpl:175 - committing
2019-08-20 00:44:54 DEBUG AbstractFlushingEventListener:149 - Processing flush-time cascades
2019-08-20 00:44:54 DEBUG AbstractFlushingEventListener:189 - Dirty checking collections
2019-08-20 00:44:54 DEBUG AbstractFlushingEventListener:123 - Flushed: 0 insertions, 0 updates, 0 deletions to 1 objects
2019-08-20 00:44:54 DEBUG AbstractFlushingEventListener:130 - Flushed: 0 (re)creations, 0 updates, 0 removals to 0 collections
2019-08-20 00:44:54 DEBUG EntityPrinter:114 - Listing entities:
2019-08-20 00:44:54 DEBUG EntityPrinter:121 - exercisetwoDTO.ClassDTO{idclass=19HB, nameclass=lớp chất lượng cao}
2019-08-20 00:44:54 DEBUG JdbcTransaction:113 - committed JDBC Connection
2019-08-20 00:44:54 INFO  ClassDAL:52 - end save: 19HB
2019-08-20 00:44:54 DEBUG AbstractFlushingEventListener:149 - Processing flush-time cascades
2019-08-20 00:44:54 DEBUG AbstractFlushingEventListener:189 - Dirty checking collections
2019-08-20 00:44:54 DEBUG AbstractFlushingEventListener:123 - Flushed: 0 insertions, 0 updates, 0 deletions to 1 objects
2019-08-20 00:44:54 DEBUG AbstractFlushingEventListener:130 - Flushed: 0 (re)creations, 0 updates, 0 removals to 0 collections
2019-08-20 00:44:54 DEBUG EntityPrinter:114 - Listing entities:
2019-08-20 00:44:54 DEBUG EntityPrinter:121 - exercisetwoDTO.ClassDTO{idclass=19HB, nameclass=lớp chất lượng cao}
2019-08-20 00:44:54 DEBUG LogicalConnectionImpl:246 - Releasing JDBC connection
2019-08-20 00:44:54 DEBUG LogicalConnectionImpl:264 - Released JDBC connection
2019-08-20 00:44:54 INFO  ClassDAL:60 - Ok udpate or save : 
2019-08-20 00:44:54 DEBUG ClassDAL:68 - end test class DAl 1
2019-08-20 00:44:54 DEBUG QueryTranslatorImpl:294 - parse() - HQL: select cla from exercisetwoDTO.ClassDTO cla
2019-08-20 00:44:54 DEBUG QueryTranslatorImpl:312 - --- HQL AST ---
 \-[QUERY] Node: 'query'
    \-[SELECT_FROM] Node: 'SELECT_FROM'
       +-[FROM] Node: 'from'
       |  \-[RANGE] Node: 'RANGE'
       |     +-[DOT] Node: '.'
       |     |  +-[IDENT] Node: 'exercisetwoDTO'
       |     |  \-[IDENT] Node: 'ClassDTO'
       |     \-[ALIAS] Node: 'cla'
       \-[SELECT] Node: 'select'
          \-[IDENT] Node: 'cla'

2019-08-20 00:44:54 DEBUG ErrorCounter:113 - throwQueryException() : no errors
2019-08-20 00:44:54 DEBUG HqlSqlBaseWalker:121 - select << begin [level=1, statement=select]
2019-08-20 00:44:54 DEBUG FromElement:158 - FromClause{level=1} : exercisetwoDTO.ClassDTO (cla) -> classdto0_
2019-08-20 00:44:54 DEBUG FromReferenceNode:77 - Resolved : cla -> classdto0_.idclass
2019-08-20 00:44:54 DEBUG HqlSqlBaseWalker:125 - select : finishing up [level=1, statement=select]
2019-08-20 00:44:54 DEBUG HqlSqlWalker:664 - processQuery() :  ( SELECT ( {select clause} classdto0_.idclass ) ( FromClause{level=1} dbclass classdto0_ ) )
2019-08-20 00:44:54 DEBUG JoinProcessor:187 - Using FROM fragment [dbclass classdto0_]
2019-08-20 00:44:54 DEBUG HqlSqlBaseWalker:129 - select >> end [level=1, statement=select]
2019-08-20 00:44:54 DEBUG QueryTranslatorImpl:281 - --- SQL AST ---
 \-[SELECT] QueryNode: 'SELECT'  querySpaces (dbclass)
    +-[SELECT_CLAUSE] SelectClause: '{select clause}'
    |  +-[ALIAS_REF] IdentNode: 'classdto0_.idclass as idclass1_0_' {alias=cla, className=exercisetwoDTO.ClassDTO, tableAlias=classdto0_}
    |  \-[SQL_TOKEN] SqlFragment: 'classdto0_.nameclass as nameclas2_0_'
    \-[FROM] FromClause: 'from' FromClause{level=1, fromElementCounter=1, fromElements=1, fromElementByClassAlias=[cla], fromElementByTableAlias=[classdto0_], fromElementsByPath=[], collectionJoinFromElementsByPath=[], impliedElements=[]}
       \-[FROM_FRAGMENT] FromElement: 'dbclass classdto0_' FromElement{explicit,not a collection join,not a fetch join,fetch non-lazy properties,classAlias=cla,role=null,tableName=dbclass,tableAlias=classdto0_,origin=null,columns={,className=exercisetwoDTO.ClassDTO}}

2019-08-20 00:44:54 DEBUG ErrorCounter:113 - throwQueryException() : no errors
2019-08-20 00:44:54 DEBUG QueryTranslatorImpl:263 - HQL: select cla from exercisetwoDTO.ClassDTO cla
2019-08-20 00:44:54 DEBUG QueryTranslatorImpl:264 - SQL: select classdto0_.idclass as idclass1_0_, classdto0_.nameclass as nameclas2_0_ from dbclass classdto0_
2019-08-20 00:44:54 DEBUG ErrorCounter:113 - throwQueryException() : no errors
2019-08-20 00:44:54 DEBUG SQL:109 - select classdto0_.idclass as idclass1_0_, classdto0_.nameclass as nameclas2_0_ from dbclass classdto0_
2019-08-20 00:44:54 DEBUG LogicalConnectionImpl:226 - Obtaining JDBC connection
2019-08-20 00:44:54 DEBUG LogicalConnectionImpl:232 - Obtained JDBC connection
2019-08-20 00:44:54 DEBUG Loader:951 - Result set row: 0
2019-08-20 00:44:54 DEBUG Loader:1485 - Result row: EntityKey[exercisetwoDTO.ClassDTO#12sdas]
2019-08-20 00:44:54 DEBUG Loader:951 - Result set row: 1
2019-08-20 00:44:54 DEBUG Loader:1485 - Result row: EntityKey[exercisetwoDTO.ClassDTO#19HB]
2019-08-20 00:44:54 DEBUG Loader:951 - Result set row: 2
2019-08-20 00:44:54 DEBUG Loader:1485 - Result row: EntityKey[exercisetwoDTO.ClassDTO#2343]
2019-08-20 00:44:54 DEBUG TwoPhaseLoad:160 - Resolving associations for [exercisetwoDTO.ClassDTO#12sdas]
2019-08-20 00:44:54 DEBUG TwoPhaseLoad:286 - Done materializing entity [exercisetwoDTO.ClassDTO#12sdas]
2019-08-20 00:44:54 DEBUG TwoPhaseLoad:160 - Resolving associations for [exercisetwoDTO.ClassDTO#19HB]
2019-08-20 00:44:54 DEBUG TwoPhaseLoad:286 - Done materializing entity [exercisetwoDTO.ClassDTO#19HB]
2019-08-20 00:44:54 DEBUG TwoPhaseLoad:160 - Resolving associations for [exercisetwoDTO.ClassDTO#2343]
2019-08-20 00:44:54 DEBUG TwoPhaseLoad:286 - Done materializing entity [exercisetwoDTO.ClassDTO#2343]
2019-08-20 00:44:54 DEBUG LogicalConnectionImpl:246 - Releasing JDBC connection
2019-08-20 00:44:54 DEBUG LogicalConnectionImpl:264 - Released JDBC connection
2019-08-20 00:44:54 INFO  ClassDAL:40 - Ok get all ds class : [exercisetwoDTO.ClassDTO@3eb77ea8, exercisetwoDTO.ClassDTO@44c73c26, exercisetwoDTO.ClassDTO@41005828]
2019-08-20 00:44:54 DEBUG ClassDAL:74 - end test class DAl 3
2019-08-20 00:45:23 DEBUG DriverManagerConnectionProviderImpl:120 - Connection pool now considered primed; min-size will be maintained
